{"G:\\Front\\HTMLAcademy\\JavaScript\\what-to-watch\\594215-what-to-watch-4\\src\\api.js": {"path":"G:\\Front\\HTMLAcademy\\JavaScript\\what-to-watch\\594215-what-to-watch-4\\src\\api.js","statementMap":{"0":{"start":{"line":4,"column":16},"end":{"line":4,"column":20}},"1":{"start":{"line":5,"column":17},"end":{"line":5,"column":52}},"2":{"start":{"line":8,"column":14},"end":{"line":12,"column":1}},"3":{"start":{"line":14,"column":25},"end":{"line":49,"column":1}},"4":{"start":{"line":15,"column":14},"end":{"line":19,"column":4}},"5":{"start":{"line":21,"column":20},"end":{"line":23,"column":3}},"6":{"start":{"line":22,"column":4},"end":{"line":22,"column":20}},"7":{"start":{"line":25,"column":17},"end":{"line":44,"column":3}},"8":{"start":{"line":26,"column":32},"end":{"line":26,"column":35}},"9":{"start":{"line":28,"column":4},"end":{"line":36,"column":5}},"10":{"start":{"line":29,"column":6},"end":{"line":29,"column":23}},"11":{"start":{"line":31,"column":6},"end":{"line":33,"column":7}},"12":{"start":{"line":32,"column":8},"end":{"line":32,"column":31}},"13":{"start":{"line":35,"column":6},"end":{"line":35,"column":16}},"14":{"start":{"line":38,"column":4},"end":{"line":41,"column":5}},"15":{"start":{"line":39,"column":6},"end":{"line":39,"column":23}},"16":{"start":{"line":40,"column":6},"end":{"line":40,"column":16}},"17":{"start":{"line":43,"column":4},"end":{"line":43,"column":14}},"18":{"start":{"line":46,"column":2},"end":{"line":46,"column":51}},"19":{"start":{"line":48,"column":2},"end":{"line":48,"column":13}}},"fnMap":{"0":{"name":"(anonymous_0)","decl":{"start":{"line":14,"column":25},"end":{"line":14,"column":26}},"loc":{"start":{"line":14,"column":45},"end":{"line":49,"column":1}},"line":14},"1":{"name":"(anonymous_1)","decl":{"start":{"line":21,"column":20},"end":{"line":21,"column":21}},"loc":{"start":{"line":21,"column":34},"end":{"line":23,"column":3}},"line":21},"2":{"name":"(anonymous_2)","decl":{"start":{"line":25,"column":17},"end":{"line":25,"column":18}},"loc":{"start":{"line":25,"column":26},"end":{"line":44,"column":3}},"line":25}},"branchMap":{"0":{"loc":{"start":{"line":28,"column":4},"end":{"line":36,"column":5}},"type":"if","locations":[{"start":{"line":28,"column":4},"end":{"line":36,"column":5}},{"start":{"line":28,"column":4},"end":{"line":36,"column":5}}],"line":28},"1":{"loc":{"start":{"line":31,"column":6},"end":{"line":33,"column":7}},"type":"if","locations":[{"start":{"line":31,"column":6},"end":{"line":33,"column":7}},{"start":{"line":31,"column":6},"end":{"line":33,"column":7}}],"line":31},"2":{"loc":{"start":{"line":38,"column":4},"end":{"line":41,"column":5}},"type":"if","locations":[{"start":{"line":38,"column":4},"end":{"line":41,"column":5}},{"start":{"line":38,"column":4},"end":{"line":41,"column":5}}],"line":38}},"s":{"0":3,"1":3,"2":3,"3":3,"4":3,"5":3,"6":7,"7":3,"8":0,"9":0,"10":0,"11":0,"12":0,"13":0,"14":0,"15":0,"16":0,"17":0,"18":3,"19":3},"f":{"0":3,"1":7,"2":0},"b":{"0":[0,0],"1":[0,0],"2":[0,0]},"_coverageSchema":"1a1c01bbd47fc00a2c39e90264f33305004495a9","hash":"c3bd1f7761e8088ee5fe83c832712a69c5214af0"}
,"G:\\Front\\HTMLAcademy\\JavaScript\\what-to-watch\\594215-what-to-watch-4\\src\\history.js": {"path":"G:\\Front\\HTMLAcademy\\JavaScript\\what-to-watch\\594215-what-to-watch-4\\src\\history.js","statementMap":{"0":{"start":{"line":3,"column":16},"end":{"line":3,"column":38}}},"fnMap":{},"branchMap":{},"s":{"0":8},"f":{},"b":{},"_coverageSchema":"1a1c01bbd47fc00a2c39e90264f33305004495a9","hash":"e7fbf523ff36cf7c26c2207e05ac8dd414391ec5"}
,"G:\\Front\\HTMLAcademy\\JavaScript\\what-to-watch\\594215-what-to-watch-4\\src\\components\\add-review\\add-review.jsx": {"path":"G:\\Front\\HTMLAcademy\\JavaScript\\what-to-watch\\594215-what-to-watch-4\\src\\components\\add-review\\add-review.jsx","statementMap":{"0":{"start":{"line":9,"column":20},"end":{"line":9,"column":21}},"1":{"start":{"line":10,"column":21},"end":{"line":19,"column":1}},"2":{"start":{"line":20,"column":16},"end":{"line":23,"column":1}},"3":{"start":{"line":25,"column":18},"end":{"line":143,"column":1}},"4":{"start":{"line":26,"column":53},"end":{"line":26,"column":58}},"5":{"start":{"line":28,"column":21},"end":{"line":28,"column":32}},"6":{"start":{"line":29,"column":31},"end":{"line":29,"column":42}},"7":{"start":{"line":31,"column":32},"end":{"line":34,"column":3}},"8":{"start":{"line":32,"column":4},"end":{"line":32,"column":63}},"9":{"start":{"line":33,"column":4},"end":{"line":33,"column":83}},"10":{"start":{"line":36,"column":29},"end":{"line":50,"column":3}},"11":{"start":{"line":37,"column":19},"end":{"line":37,"column":29}},"12":{"start":{"line":38,"column":18},"end":{"line":38,"column":30}},"13":{"start":{"line":40,"column":4},"end":{"line":42,"column":5}},"14":{"start":{"line":41,"column":6},"end":{"line":41,"column":37}},"15":{"start":{"line":44,"column":4},"end":{"line":46,"column":5}},"16":{"start":{"line":45,"column":6},"end":{"line":45,"column":29}},"17":{"start":{"line":48,"column":27},"end":{"line":48,"column":52}},"18":{"start":{"line":49,"column":4},"end":{"line":49,"column":36}},"19":{"start":{"line":52,"column":28},"end":{"line":70,"column":3}},"20":{"start":{"line":53,"column":4},"end":{"line":53,"column":25}},"21":{"start":{"line":54,"column":4},"end":{"line":54,"column":28}},"22":{"start":{"line":56,"column":4},"end":{"line":69,"column":6}},"23":{"start":{"line":63,"column":10},"end":{"line":63,"column":34}},"24":{"start":{"line":64,"column":10},"end":{"line":64,"column":44}},"25":{"start":{"line":67,"column":10},"end":{"line":67,"column":34}},"26":{"start":{"line":72,"column":27},"end":{"line":81,"column":3}},"27":{"start":{"line":73,"column":27},"end":{"line":73,"column":29}},"28":{"start":{"line":75,"column":4},"end":{"line":75,"column":75}},"29":{"start":{"line":76,"column":4},"end":{"line":76,"column":75}},"30":{"start":{"line":77,"column":4},"end":{"line":77,"column":71}},"31":{"start":{"line":78,"column":4},"end":{"line":78,"column":71}},"32":{"start":{"line":80,"column":4},"end":{"line":80,"column":50}},"33":{"start":{"line":80,"column":43},"end":{"line":80,"column":48}},"34":{"start":{"line":83,"column":2},"end":{"line":142,"column":4}},"35":{"start":{"line":124,"column":16},"end":{"line":127,"column":27}},"36":{"start":{"line":145,"column":0},"end":{"line":165,"column":2}},"37":{"start":{"line":167,"column":27},"end":{"line":171,"column":2}},"38":{"start":{"line":167,"column":42},"end":{"line":171,"column":1}},"39":{"start":{"line":169,"column":4},"end":{"line":169,"column":71}}},"fnMap":{"0":{"name":"(anonymous_0)","decl":{"start":{"line":25,"column":18},"end":{"line":25,"column":19}},"loc":{"start":{"line":25,"column":29},"end":{"line":143,"column":1}},"line":25},"1":{"name":"(anonymous_1)","decl":{"start":{"line":31,"column":32},"end":{"line":31,"column":33}},"loc":{"start":{"line":31,"column":38},"end":{"line":34,"column":3}},"line":31},"2":{"name":"(anonymous_2)","decl":{"start":{"line":36,"column":29},"end":{"line":36,"column":30}},"loc":{"start":{"line":36,"column":38},"end":{"line":50,"column":3}},"line":36},"3":{"name":"(anonymous_3)","decl":{"start":{"line":52,"column":28},"end":{"line":52,"column":29}},"loc":{"start":{"line":52,"column":37},"end":{"line":70,"column":3}},"line":52},"4":{"name":"(anonymous_4)","decl":{"start":{"line":62,"column":8},"end":{"line":62,"column":9}},"loc":{"start":{"line":62,"column":14},"end":{"line":65,"column":9}},"line":62},"5":{"name":"(anonymous_5)","decl":{"start":{"line":66,"column":8},"end":{"line":66,"column":9}},"loc":{"start":{"line":66,"column":14},"end":{"line":68,"column":9}},"line":66},"6":{"name":"(anonymous_6)","decl":{"start":{"line":72,"column":27},"end":{"line":72,"column":28}},"loc":{"start":{"line":72,"column":44},"end":{"line":81,"column":3}},"line":72},"7":{"name":"(anonymous_7)","decl":{"start":{"line":80,"column":32},"end":{"line":80,"column":33}},"loc":{"start":{"line":80,"column":43},"end":{"line":80,"column":48}},"line":80},"8":{"name":"(anonymous_8)","decl":{"start":{"line":123,"column":51},"end":{"line":123,"column":52}},"loc":{"start":{"line":124,"column":16},"end":{"line":127,"column":27}},"line":124},"9":{"name":"(anonymous_9)","decl":{"start":{"line":167,"column":27},"end":{"line":167,"column":28}},"loc":{"start":{"line":167,"column":42},"end":{"line":171,"column":1}},"line":167},"10":{"name":"(anonymous_10)","decl":{"start":{"line":168,"column":2},"end":{"line":168,"column":3}},"loc":{"start":{"line":168,"column":44},"end":{"line":170,"column":3}},"line":168}},"branchMap":{"0":{"loc":{"start":{"line":40,"column":4},"end":{"line":42,"column":5}},"type":"if","locations":[{"start":{"line":40,"column":4},"end":{"line":42,"column":5}},{"start":{"line":40,"column":4},"end":{"line":42,"column":5}}],"line":40},"1":{"loc":{"start":{"line":44,"column":4},"end":{"line":46,"column":5}},"type":"if","locations":[{"start":{"line":44,"column":4},"end":{"line":46,"column":5}},{"start":{"line":44,"column":4},"end":{"line":46,"column":5}}],"line":44},"2":{"loc":{"start":{"line":135,"column":15},"end":{"line":135,"column":116}},"type":"binary-expr","locations":[{"start":{"line":135,"column":15},"end":{"line":135,"column":22}},{"start":{"line":135,"column":26},"end":{"line":135,"column":116}}],"line":135}},"s":{"0":2,"1":2,"2":2,"3":2,"4":1,"5":1,"6":1,"7":1,"8":0,"9":0,"10":1,"11":0,"12":0,"13":0,"14":0,"15":0,"16":0,"17":0,"18":0,"19":1,"20":0,"21":0,"22":0,"23":0,"24":0,"25":0,"26":1,"27":0,"28":0,"29":0,"30":0,"31":0,"32":0,"33":0,"34":1,"35":5,"36":2,"37":2,"38":0,"39":0},"f":{"0":1,"1":0,"2":0,"3":0,"4":0,"5":0,"6":0,"7":0,"8":5,"9":0,"10":0},"b":{"0":[0,0],"1":[0,0],"2":[1,1]},"_coverageSchema":"1a1c01bbd47fc00a2c39e90264f33305004495a9","hash":"6780917ae92ea19c6c2bfaaed0a6e2eb8da84660"}
,"G:\\Front\\HTMLAcademy\\JavaScript\\what-to-watch\\594215-what-to-watch-4\\src\\components\\app\\app.jsx": {"path":"G:\\Front\\HTMLAcademy\\JavaScript\\what-to-watch\\594215-what-to-watch-4\\src\\components\\app\\app.jsx","statementMap":{"0":{"start":{"line":23,"column":25},"end":{"line":23,"column":47}},"1":{"start":{"line":24,"column":25},"end":{"line":24,"column":50}},"2":{"start":{"line":25,"column":31},"end":{"line":25,"column":62}},"3":{"start":{"line":27,"column":12},"end":{"line":70,"column":1}},"4":{"start":{"line":28,"column":70},"end":{"line":28,"column":75}},"5":{"start":{"line":30,"column":2},"end":{"line":69,"column":4}},"6":{"start":{"line":34,"column":24},"end":{"line":36,"column":84}},"7":{"start":{"line":41,"column":12},"end":{"line":43,"column":153}},"8":{"start":{"line":47,"column":24},"end":{"line":47,"column":86}},"9":{"start":{"line":51,"column":12},"end":{"line":53,"column":179}},"10":{"start":{"line":57,"column":12},"end":{"line":57,"column":72}},"11":{"start":{"line":63,"column":12},"end":{"line":63,"column":48}},"12":{"start":{"line":72,"column":0},"end":{"line":109,"column":2}},"13":{"start":{"line":111,"column":24},"end":{"line":116,"column":2}},"14":{"start":{"line":111,"column":36},"end":{"line":116,"column":1}},"15":{"start":{"line":118,"column":27},"end":{"line":125,"column":2}},"16":{"start":{"line":118,"column":42},"end":{"line":125,"column":1}},"17":{"start":{"line":120,"column":4},"end":{"line":120,"column":48}},"18":{"start":{"line":123,"column":4},"end":{"line":123,"column":40}}},"fnMap":{"0":{"name":"(anonymous_0)","decl":{"start":{"line":27,"column":12},"end":{"line":27,"column":13}},"loc":{"start":{"line":27,"column":23},"end":{"line":70,"column":1}},"line":27},"1":{"name":"(anonymous_1)","decl":{"start":{"line":34,"column":18},"end":{"line":34,"column":19}},"loc":{"start":{"line":34,"column":24},"end":{"line":36,"column":84}},"line":34},"2":{"name":"(anonymous_2)","decl":{"start":{"line":40,"column":18},"end":{"line":40,"column":19}},"loc":{"start":{"line":41,"column":12},"end":{"line":43,"column":153}},"line":41},"3":{"name":"(anonymous_3)","decl":{"start":{"line":47,"column":18},"end":{"line":47,"column":19}},"loc":{"start":{"line":47,"column":24},"end":{"line":47,"column":86}},"line":47},"4":{"name":"(anonymous_4)","decl":{"start":{"line":50,"column":18},"end":{"line":50,"column":19}},"loc":{"start":{"line":51,"column":12},"end":{"line":53,"column":179}},"line":51},"5":{"name":"(anonymous_5)","decl":{"start":{"line":56,"column":18},"end":{"line":56,"column":19}},"loc":{"start":{"line":57,"column":12},"end":{"line":57,"column":72}},"line":57},"6":{"name":"(anonymous_6)","decl":{"start":{"line":62,"column":18},"end":{"line":62,"column":19}},"loc":{"start":{"line":63,"column":12},"end":{"line":63,"column":48}},"line":63},"7":{"name":"(anonymous_7)","decl":{"start":{"line":111,"column":24},"end":{"line":111,"column":25}},"loc":{"start":{"line":111,"column":36},"end":{"line":116,"column":1}},"line":111},"8":{"name":"(anonymous_8)","decl":{"start":{"line":118,"column":27},"end":{"line":118,"column":28}},"loc":{"start":{"line":118,"column":42},"end":{"line":125,"column":1}},"line":118},"9":{"name":"(anonymous_9)","decl":{"start":{"line":119,"column":2},"end":{"line":119,"column":3}},"loc":{"start":{"line":119,"column":18},"end":{"line":121,"column":3}},"line":119},"10":{"name":"(anonymous_10)","decl":{"start":{"line":122,"column":2},"end":{"line":122,"column":3}},"loc":{"start":{"line":122,"column":14},"end":{"line":124,"column":3}},"line":122}},"branchMap":{"0":{"loc":{"start":{"line":34,"column":24},"end":{"line":36,"column":84}},"type":"cond-expr","locations":[{"start":{"line":35,"column":14},"end":{"line":35,"column":26}},{"start":{"line":36,"column":14},"end":{"line":36,"column":84}}],"line":34},"1":{"loc":{"start":{"line":41,"column":12},"end":{"line":43,"column":153}},"type":"cond-expr","locations":[{"start":{"line":42,"column":16},"end":{"line":42,"column":29}},{"start":{"line":43,"column":16},"end":{"line":43,"column":153}}],"line":41},"2":{"loc":{"start":{"line":47,"column":24},"end":{"line":47,"column":86}},"type":"cond-expr","locations":[{"start":{"line":47,"column":35},"end":{"line":47,"column":52}},{"start":{"line":47,"column":55},"end":{"line":47,"column":86}}],"line":47},"3":{"loc":{"start":{"line":51,"column":12},"end":{"line":53,"column":179}},"type":"cond-expr","locations":[{"start":{"line":52,"column":16},"end":{"line":52,"column":28}},{"start":{"line":53,"column":16},"end":{"line":53,"column":179}}],"line":51},"4":{"loc":{"start":{"line":53,"column":97},"end":{"line":53,"column":142}},"type":"binary-expr","locations":[{"start":{"line":53,"column":97},"end":{"line":53,"column":129}},{"start":{"line":53,"column":133},"end":{"line":53,"column":142}}],"line":53}},"s":{"0":1,"1":1,"2":1,"3":1,"4":1,"5":1,"6":1,"7":0,"8":0,"9":0,"10":0,"11":0,"12":1,"13":1,"14":0,"15":1,"16":0,"17":0,"18":0},"f":{"0":1,"1":1,"2":0,"3":0,"4":0,"5":0,"6":0,"7":0,"8":0,"9":0,"10":0},"b":{"0":[0,1],"1":[0,0],"2":[0,0],"3":[0,0],"4":[0,0]},"_coverageSchema":"1a1c01bbd47fc00a2c39e90264f33305004495a9","hash":"2d5b1d2ca7aeaf0ea3074b52c18304208b9188d6"}
,"G:\\Front\\HTMLAcademy\\JavaScript\\what-to-watch\\594215-what-to-watch-4\\src\\components\\full-video-player\\full-video-player.jsx": {"path":"G:\\Front\\HTMLAcademy\\JavaScript\\what-to-watch\\594215-what-to-watch-4\\src\\components\\full-video-player\\full-video-player.jsx","statementMap":{"0":{"start":{"line":4,"column":24},"end":{"line":52,"column":1}},"1":{"start":{"line":5,"column":138},"end":{"line":5,"column":143}},"2":{"start":{"line":6,"column":2},"end":{"line":51,"column":4}},"3":{"start":{"line":54,"column":0},"end":{"line":81,"column":2}}},"fnMap":{"0":{"name":"(anonymous_0)","decl":{"start":{"line":4,"column":24},"end":{"line":4,"column":25}},"loc":{"start":{"line":4,"column":35},"end":{"line":52,"column":1}},"line":4}},"branchMap":{"0":{"loc":{"start":{"line":24,"column":13},"end":{"line":36,"column":32}},"type":"cond-expr","locations":[{"start":{"line":25,"column":17},"end":{"line":30,"column":31}},{"start":{"line":31,"column":17},"end":{"line":36,"column":31}}],"line":24}},"s":{"0":2,"1":1,"2":1,"3":2},"f":{"0":1},"b":{"0":[0,1]},"_coverageSchema":"1a1c01bbd47fc00a2c39e90264f33305004495a9","hash":"08b8cf956f3502c4799039dace6e7947d74105d6"}
,"G:\\Front\\HTMLAcademy\\JavaScript\\what-to-watch\\594215-what-to-watch-4\\src\\components\\genres-list\\genres-list.jsx": {"path":"G:\\Front\\HTMLAcademy\\JavaScript\\what-to-watch\\594215-what-to-watch-4\\src\\components\\genres-list\\genres-list.jsx","statementMap":{"0":{"start":{"line":4,"column":19},"end":{"line":28,"column":1}},"1":{"start":{"line":5,"column":52},"end":{"line":5,"column":57}},"2":{"start":{"line":7,"column":2},"end":{"line":27,"column":4}},"3":{"start":{"line":10,"column":8},"end":{"line":24,"column":10}},"4":{"start":{"line":17,"column":14},"end":{"line":17,"column":35}},"5":{"start":{"line":18,"column":14},"end":{"line":20,"column":15}},"6":{"start":{"line":19,"column":16},"end":{"line":19,"column":43}},"7":{"start":{"line":29,"column":0},"end":{"line":33,"column":2}}},"fnMap":{"0":{"name":"(anonymous_0)","decl":{"start":{"line":4,"column":19},"end":{"line":4,"column":20}},"loc":{"start":{"line":4,"column":30},"end":{"line":28,"column":1}},"line":4},"1":{"name":"(anonymous_1)","decl":{"start":{"line":9,"column":24},"end":{"line":9,"column":25}},"loc":{"start":{"line":9,"column":41},"end":{"line":25,"column":7}},"line":9},"2":{"name":"(anonymous_2)","decl":{"start":{"line":16,"column":66},"end":{"line":16,"column":67}},"loc":{"start":{"line":16,"column":75},"end":{"line":21,"column":13}},"line":16}},"branchMap":{"0":{"loc":{"start":{"line":12,"column":12},"end":{"line":14,"column":18}},"type":"cond-expr","locations":[{"start":{"line":13,"column":16},"end":{"line":13,"column":46}},{"start":{"line":14,"column":16},"end":{"line":14,"column":18}}],"line":12},"1":{"loc":{"start":{"line":18,"column":14},"end":{"line":20,"column":15}},"type":"if","locations":[{"start":{"line":18,"column":14},"end":{"line":20,"column":15}},{"start":{"line":18,"column":14},"end":{"line":20,"column":15}}],"line":18}},"s":{"0":4,"1":4,"2":4,"3":8,"4":1,"5":1,"6":1,"7":4},"f":{"0":4,"1":8,"2":1},"b":{"0":[4,4],"1":[1,0]},"_coverageSchema":"1a1c01bbd47fc00a2c39e90264f33305004495a9","hash":"7ae89be62f2b21fc02aeb4401748cda9112417d7"}
,"G:\\Front\\HTMLAcademy\\JavaScript\\what-to-watch\\594215-what-to-watch-4\\src\\components\\main\\main.jsx": {"path":"G:\\Front\\HTMLAcademy\\JavaScript\\what-to-watch\\594215-what-to-watch-4\\src\\components\\main\\main.jsx","statementMap":{"0":{"start":{"line":16,"column":26},"end":{"line":16,"column":52}},"1":{"start":{"line":18,"column":13},"end":{"line":106,"column":1}},"2":{"start":{"line":19,"column":157},"end":{"line":19,"column":162}},"3":{"start":{"line":20,"column":68},"end":{"line":20,"column":77}},"4":{"start":{"line":22,"column":37},"end":{"line":24,"column":3}},"5":{"start":{"line":23,"column":4},"end":{"line":23,"column":30}},"6":{"start":{"line":26,"column":2},"end":{"line":105,"column":21}},"7":{"start":{"line":60,"column":96},"end":{"line":60,"column":135}},"8":{"start":{"line":108,"column":0},"end":{"line":149,"column":2}},"9":{"start":{"line":151,"column":24},"end":{"line":158,"column":1}},"10":{"start":{"line":152,"column":2},"end":{"line":157,"column":4}},"11":{"start":{"line":160,"column":27},"end":{"line":170,"column":2}},"12":{"start":{"line":160,"column":42},"end":{"line":170,"column":1}},"13":{"start":{"line":162,"column":4},"end":{"line":162,"column":58}},"14":{"start":{"line":165,"column":4},"end":{"line":165,"column":52}},"15":{"start":{"line":168,"column":4},"end":{"line":168,"column":45}}},"fnMap":{"0":{"name":"(anonymous_0)","decl":{"start":{"line":18,"column":13},"end":{"line":18,"column":14}},"loc":{"start":{"line":18,"column":24},"end":{"line":106,"column":1}},"line":18},"1":{"name":"(anonymous_1)","decl":{"start":{"line":22,"column":37},"end":{"line":22,"column":38}},"loc":{"start":{"line":22,"column":43},"end":{"line":24,"column":3}},"line":22},"2":{"name":"(anonymous_2)","decl":{"start":{"line":60,"column":90},"end":{"line":60,"column":91}},"loc":{"start":{"line":60,"column":96},"end":{"line":60,"column":135}},"line":60},"3":{"name":"(anonymous_3)","decl":{"start":{"line":151,"column":24},"end":{"line":151,"column":25}},"loc":{"start":{"line":151,"column":35},"end":{"line":158,"column":1}},"line":151},"4":{"name":"(anonymous_4)","decl":{"start":{"line":160,"column":27},"end":{"line":160,"column":28}},"loc":{"start":{"line":160,"column":42},"end":{"line":170,"column":1}},"line":160},"5":{"name":"(anonymous_5)","decl":{"start":{"line":161,"column":2},"end":{"line":161,"column":3}},"loc":{"start":{"line":161,"column":28},"end":{"line":163,"column":3}},"line":161},"6":{"name":"(anonymous_6)","decl":{"start":{"line":164,"column":2},"end":{"line":164,"column":3}},"loc":{"start":{"line":164,"column":26},"end":{"line":166,"column":3}},"line":164},"7":{"name":"(anonymous_7)","decl":{"start":{"line":167,"column":2},"end":{"line":167,"column":3}},"loc":{"start":{"line":167,"column":23},"end":{"line":169,"column":3}},"line":167}},"branchMap":{"0":{"loc":{"start":{"line":67,"column":17},"end":{"line":73,"column":25}},"type":"cond-expr","locations":[{"start":{"line":68,"column":21},"end":{"line":70,"column":24}},{"start":{"line":71,"column":21},"end":{"line":73,"column":24}}],"line":67},"1":{"loc":{"start":{"line":88,"column":9},"end":{"line":88,"column":97}},"type":"binary-expr","locations":[{"start":{"line":88,"column":9},"end":{"line":88,"column":36}},{"start":{"line":88,"column":40},"end":{"line":88,"column":97}}],"line":88}},"s":{"0":2,"1":2,"2":2,"3":2,"4":2,"5":0,"6":2,"7":0,"8":2,"9":2,"10":1,"11":2,"12":1,"13":0,"14":0,"15":0},"f":{"0":2,"1":0,"2":0,"3":1,"4":1,"5":0,"6":0,"7":0},"b":{"0":[0,2],"1":[2,0]},"_coverageSchema":"1a1c01bbd47fc00a2c39e90264f33305004495a9","hash":"3b24d00a8085c7675414741246d41176649717b0"}
,"G:\\Front\\HTMLAcademy\\JavaScript\\what-to-watch\\594215-what-to-watch-4\\src\\components\\movie-page\\movie-page.jsx": {"path":"G:\\Front\\HTMLAcademy\\JavaScript\\what-to-watch\\594215-what-to-watch-4\\src\\components\\movie-page\\movie-page.jsx","statementMap":{"0":{"start":{"line":16,"column":26},"end":{"line":16,"column":52}},"1":{"start":{"line":18,"column":18},"end":{"line":117,"column":1}},"2":{"start":{"line":19,"column":150},"end":{"line":19,"column":155}},"3":{"start":{"line":20,"column":72},"end":{"line":20,"column":76}},"4":{"start":{"line":22,"column":37},"end":{"line":24,"column":3}},"5":{"start":{"line":23,"column":4},"end":{"line":23,"column":25}},"6":{"start":{"line":26,"column":2},"end":{"line":116,"column":21}},"7":{"start":{"line":56,"column":96},"end":{"line":56,"column":125}},"8":{"start":{"line":119,"column":0},"end":{"line":169,"column":2}},"9":{"start":{"line":171,"column":24},"end":{"line":180,"column":1}},"10":{"start":{"line":172,"column":17},"end":{"line":172,"column":22}},"11":{"start":{"line":174,"column":2},"end":{"line":179,"column":4}},"12":{"start":{"line":182,"column":27},"end":{"line":186,"column":2}},"13":{"start":{"line":182,"column":42},"end":{"line":186,"column":1}},"14":{"start":{"line":184,"column":4},"end":{"line":184,"column":45}}},"fnMap":{"0":{"name":"(anonymous_0)","decl":{"start":{"line":18,"column":18},"end":{"line":18,"column":19}},"loc":{"start":{"line":18,"column":29},"end":{"line":117,"column":1}},"line":18},"1":{"name":"(anonymous_1)","decl":{"start":{"line":22,"column":37},"end":{"line":22,"column":38}},"loc":{"start":{"line":22,"column":43},"end":{"line":24,"column":3}},"line":22},"2":{"name":"(anonymous_2)","decl":{"start":{"line":56,"column":90},"end":{"line":56,"column":91}},"loc":{"start":{"line":56,"column":96},"end":{"line":56,"column":125}},"line":56},"3":{"name":"(anonymous_3)","decl":{"start":{"line":171,"column":24},"end":{"line":171,"column":25}},"loc":{"start":{"line":171,"column":42},"end":{"line":180,"column":1}},"line":171},"4":{"name":"(anonymous_4)","decl":{"start":{"line":182,"column":27},"end":{"line":182,"column":28}},"loc":{"start":{"line":182,"column":42},"end":{"line":186,"column":1}},"line":182},"5":{"name":"(anonymous_5)","decl":{"start":{"line":183,"column":2},"end":{"line":183,"column":3}},"loc":{"start":{"line":183,"column":23},"end":{"line":185,"column":3}},"line":183}},"branchMap":{"0":{"loc":{"start":{"line":63,"column":17},"end":{"line":69,"column":25}},"type":"cond-expr","locations":[{"start":{"line":64,"column":21},"end":{"line":66,"column":24}},{"start":{"line":67,"column":21},"end":{"line":69,"column":24}}],"line":63},"1":{"loc":{"start":{"line":73,"column":15},"end":{"line":73,"column":114}},"type":"binary-expr","locations":[{"start":{"line":73,"column":15},"end":{"line":73,"column":23}},{"start":{"line":73,"column":28},"end":{"line":73,"column":113}}],"line":73},"2":{"loc":{"start":{"line":87,"column":63},"end":{"line":87,"column":105}},"type":"cond-expr","locations":[{"start":{"line":87,"column":87},"end":{"line":87,"column":88}},{"start":{"line":87,"column":91},"end":{"line":87,"column":105}}],"line":87},"3":{"loc":{"start":{"line":90,"column":40},"end":{"line":90,"column":82}},"type":"cond-expr","locations":[{"start":{"line":90,"column":64},"end":{"line":90,"column":65}},{"start":{"line":90,"column":68},"end":{"line":90,"column":82}}],"line":90}},"s":{"0":2,"1":2,"2":1,"3":1,"4":1,"5":0,"6":1,"7":0,"8":2,"9":2,"10":1,"11":1,"12":2,"13":1,"14":0},"f":{"0":1,"1":0,"2":0,"3":1,"4":1,"5":0},"b":{"0":[0,1],"1":[1,0],"2":[0,1],"3":[0,1]},"_coverageSchema":"1a1c01bbd47fc00a2c39e90264f33305004495a9","hash":"6350677cb5143d97bed2aae8f9828121ef46a81a"}
,"G:\\Front\\HTMLAcademy\\JavaScript\\what-to-watch\\594215-what-to-watch-4\\src\\components\\movie-page-details\\movie-page-details.jsx": {"path":"G:\\Front\\HTMLAcademy\\JavaScript\\what-to-watch\\594215-what-to-watch-4\\src\\components\\movie-page-details\\movie-page-details.jsx","statementMap":{"0":{"start":{"line":4,"column":25},"end":{"line":42,"column":1}},"1":{"start":{"line":5,"column":17},"end":{"line":5,"column":22}},"2":{"start":{"line":6,"column":60},"end":{"line":6,"column":64}},"3":{"start":{"line":8,"column":2},"end":{"line":41,"column":4}},"4":{"start":{"line":20,"column":39},"end":{"line":20,"column":49}},"5":{"start":{"line":44,"column":0},"end":{"line":61,"column":2}}},"fnMap":{"0":{"name":"(anonymous_0)","decl":{"start":{"line":4,"column":25},"end":{"line":4,"column":26}},"loc":{"start":{"line":4,"column":36},"end":{"line":42,"column":1}},"line":4},"1":{"name":"(anonymous_1)","decl":{"start":{"line":20,"column":28},"end":{"line":20,"column":29}},"loc":{"start":{"line":20,"column":39},"end":{"line":20,"column":49}},"line":20}},"branchMap":{},"s":{"0":4,"1":1,"2":1,"3":1,"4":4,"5":4},"f":{"0":1,"1":4},"b":{},"_coverageSchema":"1a1c01bbd47fc00a2c39e90264f33305004495a9","hash":"bfa7551ab8c1e944b812e3012e9605975f4b2c3d"}
,"G:\\Front\\HTMLAcademy\\JavaScript\\what-to-watch\\594215-what-to-watch-4\\src\\components\\movie-page-overview\\movie-page-overview.jsx": {"path":"G:\\Front\\HTMLAcademy\\JavaScript\\what-to-watch\\594215-what-to-watch-4\\src\\components\\movie-page-overview\\movie-page-overview.jsx","statementMap":{"0":{"start":{"line":5,"column":26},"end":{"line":26,"column":1}},"1":{"start":{"line":6,"column":17},"end":{"line":6,"column":22}},"2":{"start":{"line":7,"column":70},"end":{"line":7,"column":74}},"3":{"start":{"line":9,"column":2},"end":{"line":25,"column":4}},"4":{"start":{"line":22,"column":91},"end":{"line":22,"column":105}},"5":{"start":{"line":28,"column":0},"end":{"line":45,"column":2}}},"fnMap":{"0":{"name":"(anonymous_0)","decl":{"start":{"line":5,"column":26},"end":{"line":5,"column":27}},"loc":{"start":{"line":5,"column":37},"end":{"line":26,"column":1}},"line":5},"1":{"name":"(anonymous_1)","decl":{"start":{"line":22,"column":76},"end":{"line":22,"column":77}},"loc":{"start":{"line":22,"column":91},"end":{"line":22,"column":105}},"line":22}},"branchMap":{},"s":{"0":4,"1":3,"2":3,"3":3,"4":12,"5":4},"f":{"0":3,"1":12},"b":{},"_coverageSchema":"1a1c01bbd47fc00a2c39e90264f33305004495a9","hash":"cc054abf40aa6ed7205253f058a68a7b21591e9e"}
,"G:\\Front\\HTMLAcademy\\JavaScript\\what-to-watch\\594215-what-to-watch-4\\src\\components\\movie-page-reviews\\movie-page-reviews.jsx": {"path":"G:\\Front\\HTMLAcademy\\JavaScript\\what-to-watch\\594215-what-to-watch-4\\src\\components\\movie-page-reviews\\movie-page-reviews.jsx","statementMap":{"0":{"start":{"line":9,"column":51},"end":{"line":9,"column":61}},"1":{"start":{"line":10,"column":4},"end":{"line":12,"column":5}},"2":{"start":{"line":11,"column":6},"end":{"line":11,"column":28}},"3":{"start":{"line":16,"column":41},"end":{"line":16,"column":51}},"4":{"start":{"line":17,"column":4},"end":{"line":19,"column":5}},"5":{"start":{"line":18,"column":6},"end":{"line":18,"column":50}},"6":{"start":{"line":21,"column":4},"end":{"line":42,"column":6}},"7":{"start":{"line":26,"column":14},"end":{"line":37,"column":16}},"8":{"start":{"line":46,"column":0},"end":{"line":75,"column":2}},"9":{"start":{"line":77,"column":27},"end":{"line":81,"column":2}},"10":{"start":{"line":77,"column":42},"end":{"line":81,"column":1}},"11":{"start":{"line":79,"column":4},"end":{"line":79,"column":48}}},"fnMap":{"0":{"name":"(anonymous_0)","decl":{"start":{"line":8,"column":2},"end":{"line":8,"column":3}},"loc":{"start":{"line":8,"column":22},"end":{"line":13,"column":3}},"line":8},"1":{"name":"(anonymous_1)","decl":{"start":{"line":15,"column":2},"end":{"line":15,"column":3}},"loc":{"start":{"line":15,"column":11},"end":{"line":43,"column":3}},"line":15},"2":{"name":"(anonymous_2)","decl":{"start":{"line":25,"column":38},"end":{"line":25,"column":39}},"loc":{"start":{"line":25,"column":51},"end":{"line":38,"column":13}},"line":25},"3":{"name":"(anonymous_3)","decl":{"start":{"line":77,"column":27},"end":{"line":77,"column":28}},"loc":{"start":{"line":77,"column":42},"end":{"line":81,"column":1}},"line":77},"4":{"name":"(anonymous_4)","decl":{"start":{"line":78,"column":2},"end":{"line":78,"column":3}},"loc":{"start":{"line":78,"column":19},"end":{"line":80,"column":3}},"line":78}},"branchMap":{"0":{"loc":{"start":{"line":10,"column":4},"end":{"line":12,"column":5}},"type":"if","locations":[{"start":{"line":10,"column":4},"end":{"line":12,"column":5}},{"start":{"line":10,"column":4},"end":{"line":12,"column":5}}],"line":10},"1":{"loc":{"start":{"line":17,"column":4},"end":{"line":19,"column":5}},"type":"if","locations":[{"start":{"line":17,"column":4},"end":{"line":19,"column":5}},{"start":{"line":17,"column":4},"end":{"line":19,"column":5}}],"line":17},"2":{"loc":{"start":{"line":17,"column":8},"end":{"line":17,"column":44}},"type":"binary-expr","locations":[{"start":{"line":17,"column":8},"end":{"line":17,"column":24}},{"start":{"line":17,"column":28},"end":{"line":17,"column":44}}],"line":17},"3":{"loc":{"start":{"line":21,"column":11},"end":{"line":42,"column":5}},"type":"cond-expr","locations":[{"start":{"line":21,"column":31},"end":{"line":21,"column":49}},{"start":{"line":22,"column":6},"end":{"line":41,"column":23}}],"line":21},"4":{"loc":{"start":{"line":25,"column":13},"end":{"line":38,"column":14}},"type":"binary-expr","locations":[{"start":{"line":25,"column":13},"end":{"line":25,"column":21}},{"start":{"line":25,"column":25},"end":{"line":38,"column":14}}],"line":25}},"s":{"0":1,"1":1,"2":0,"3":1,"4":1,"5":0,"6":1,"7":2,"8":4,"9":4,"10":0,"11":0},"f":{"0":1,"1":1,"2":2,"3":0,"4":0},"b":{"0":[0,1],"1":[0,1],"2":[1,1],"3":[0,1],"4":[1,1]},"_coverageSchema":"1a1c01bbd47fc00a2c39e90264f33305004495a9","hash":"92e04293f5401be88c3ce49ee8cf9ea239aa846e"}
,"G:\\Front\\HTMLAcademy\\JavaScript\\what-to-watch\\594215-what-to-watch-4\\src\\components\\movies-list\\movies-list.jsx": {"path":"G:\\Front\\HTMLAcademy\\JavaScript\\what-to-watch\\594215-what-to-watch-4\\src\\components\\movies-list\\movies-list.jsx","statementMap":{"0":{"start":{"line":8,"column":4},"end":{"line":8,"column":17}},"1":{"start":{"line":10,"column":4},"end":{"line":10,"column":71}},"2":{"start":{"line":11,"column":4},"end":{"line":11,"column":71}},"3":{"start":{"line":12,"column":4},"end":{"line":12,"column":71}},"4":{"start":{"line":14,"column":4},"end":{"line":14,"column":24}},"5":{"start":{"line":18,"column":26},"end":{"line":18,"column":36}},"6":{"start":{"line":20,"column":4},"end":{"line":22,"column":5}},"7":{"start":{"line":21,"column":6},"end":{"line":21,"column":33}},"8":{"start":{"line":23,"column":4},"end":{"line":23,"column":20}},"9":{"start":{"line":27,"column":33},"end":{"line":27,"column":43}},"10":{"start":{"line":29,"column":4},"end":{"line":31,"column":22}},"11":{"start":{"line":30,"column":6},"end":{"line":30,"column":29}},"12":{"start":{"line":35,"column":33},"end":{"line":35,"column":43}},"13":{"start":{"line":36,"column":4},"end":{"line":38,"column":5}},"14":{"start":{"line":37,"column":6},"end":{"line":37,"column":33}},"15":{"start":{"line":39,"column":4},"end":{"line":39,"column":27}},"16":{"start":{"line":43,"column":46},"end":{"line":43,"column":56}},"17":{"start":{"line":45,"column":4},"end":{"line":58,"column":6}},"18":{"start":{"line":48,"column":10},"end":{"line":55,"column":12}},"19":{"start":{"line":62,"column":0},"end":{"line":81,"column":2}}},"fnMap":{"0":{"name":"(anonymous_0)","decl":{"start":{"line":7,"column":2},"end":{"line":7,"column":3}},"loc":{"start":{"line":7,"column":21},"end":{"line":15,"column":3}},"line":7},"1":{"name":"(anonymous_1)","decl":{"start":{"line":17,"column":2},"end":{"line":17,"column":3}},"loc":{"start":{"line":17,"column":28},"end":{"line":24,"column":3}},"line":17},"2":{"name":"(anonymous_2)","decl":{"start":{"line":26,"column":2},"end":{"line":26,"column":3}},"loc":{"start":{"line":26,"column":28},"end":{"line":32,"column":3}},"line":26},"3":{"name":"(anonymous_3)","decl":{"start":{"line":29,"column":30},"end":{"line":29,"column":31}},"loc":{"start":{"line":29,"column":36},"end":{"line":31,"column":5}},"line":29},"4":{"name":"(anonymous_4)","decl":{"start":{"line":34,"column":2},"end":{"line":34,"column":3}},"loc":{"start":{"line":34,"column":26},"end":{"line":40,"column":3}},"line":34},"5":{"name":"(anonymous_5)","decl":{"start":{"line":42,"column":2},"end":{"line":42,"column":3}},"loc":{"start":{"line":42,"column":11},"end":{"line":59,"column":3}},"line":42},"6":{"name":"(anonymous_6)","decl":{"start":{"line":47,"column":19},"end":{"line":47,"column":20}},"loc":{"start":{"line":48,"column":10},"end":{"line":55,"column":12}},"line":48}},"branchMap":{"0":{"loc":{"start":{"line":20,"column":4},"end":{"line":22,"column":5}},"type":"if","locations":[{"start":{"line":20,"column":4},"end":{"line":22,"column":5}},{"start":{"line":20,"column":4},"end":{"line":22,"column":5}}],"line":20},"1":{"loc":{"start":{"line":36,"column":4},"end":{"line":38,"column":5}},"type":"if","locations":[{"start":{"line":36,"column":4},"end":{"line":38,"column":5}},{"start":{"line":36,"column":4},"end":{"line":38,"column":5}}],"line":36}},"s":{"0":5,"1":5,"2":5,"3":5,"4":5,"5":0,"6":0,"7":0,"8":0,"9":0,"10":0,"11":0,"12":0,"13":0,"14":0,"15":0,"16":5,"17":5,"18":36,"19":5},"f":{"0":5,"1":0,"2":0,"3":0,"4":0,"5":5,"6":36},"b":{"0":[0,0],"1":[0,0]},"_coverageSchema":"1a1c01bbd47fc00a2c39e90264f33305004495a9","hash":"03fd8e6c97c4d5f72cd34cc06d482e4db94e3866"}
,"G:\\Front\\HTMLAcademy\\JavaScript\\what-to-watch\\594215-what-to-watch-4\\src\\components\\my-list\\my-list.jsx": {"path":"G:\\Front\\HTMLAcademy\\JavaScript\\what-to-watch\\594215-what-to-watch-4\\src\\components\\my-list\\my-list.jsx","statementMap":{"0":{"start":{"line":12,"column":26},"end":{"line":12,"column":52}},"1":{"start":{"line":16,"column":32},"end":{"line":16,"column":42}},"2":{"start":{"line":17,"column":4},"end":{"line":17,"column":24}},"3":{"start":{"line":21,"column":44},"end":{"line":21,"column":54}},"4":{"start":{"line":23,"column":4},"end":{"line":61,"column":6}},"5":{"start":{"line":65,"column":0},"end":{"line":85,"column":2}},"6":{"start":{"line":87,"column":24},"end":{"line":90,"column":2}},"7":{"start":{"line":87,"column":36},"end":{"line":90,"column":1}},"8":{"start":{"line":92,"column":27},"end":{"line":96,"column":2}},"9":{"start":{"line":92,"column":42},"end":{"line":96,"column":1}},"10":{"start":{"line":94,"column":4},"end":{"line":94,"column":44}}},"fnMap":{"0":{"name":"(anonymous_0)","decl":{"start":{"line":15,"column":2},"end":{"line":15,"column":3}},"loc":{"start":{"line":15,"column":22},"end":{"line":18,"column":3}},"line":15},"1":{"name":"(anonymous_1)","decl":{"start":{"line":20,"column":2},"end":{"line":20,"column":3}},"loc":{"start":{"line":20,"column":11},"end":{"line":62,"column":3}},"line":20},"2":{"name":"(anonymous_2)","decl":{"start":{"line":87,"column":24},"end":{"line":87,"column":25}},"loc":{"start":{"line":87,"column":36},"end":{"line":90,"column":1}},"line":87},"3":{"name":"(anonymous_3)","decl":{"start":{"line":92,"column":27},"end":{"line":92,"column":28}},"loc":{"start":{"line":92,"column":42},"end":{"line":96,"column":1}},"line":92},"4":{"name":"(anonymous_4)","decl":{"start":{"line":93,"column":2},"end":{"line":93,"column":3}},"loc":{"start":{"line":93,"column":22},"end":{"line":95,"column":3}},"line":93}},"branchMap":{"0":{"loc":{"start":{"line":41,"column":12},"end":{"line":43,"column":76}},"type":"cond-expr","locations":[{"start":{"line":42,"column":16},"end":{"line":42,"column":29}},{"start":{"line":43,"column":16},"end":{"line":43,"column":76}}],"line":41}},"s":{"0":2,"1":1,"2":1,"3":1,"4":1,"5":2,"6":2,"7":0,"8":2,"9":0,"10":0},"f":{"0":1,"1":1,"2":0,"3":0,"4":0},"b":{"0":[0,1]},"_coverageSchema":"1a1c01bbd47fc00a2c39e90264f33305004495a9","hash":"d0f4e7140a4941f55aeae58aa8cceac57b35f622"}
,"G:\\Front\\HTMLAcademy\\JavaScript\\what-to-watch\\594215-what-to-watch-4\\src\\components\\preloader\\preloader.js": {"path":"G:\\Front\\HTMLAcademy\\JavaScript\\what-to-watch\\594215-what-to-watch-4\\src\\components\\preloader\\preloader.js","statementMap":{"0":{"start":{"line":3,"column":18},"end":{"line":19,"column":1}},"1":{"start":{"line":5,"column":2},"end":{"line":18,"column":10}}},"fnMap":{"0":{"name":"(anonymous_0)","decl":{"start":{"line":3,"column":18},"end":{"line":3,"column":19}},"loc":{"start":{"line":3,"column":24},"end":{"line":19,"column":1}},"line":3}},"branchMap":{},"s":{"0":3,"1":1},"f":{"0":1},"b":{},"_coverageSchema":"1a1c01bbd47fc00a2c39e90264f33305004495a9","hash":"89e1730cad19ba0a038b846d6cc278f082f248cc"}
,"G:\\Front\\HTMLAcademy\\JavaScript\\what-to-watch\\594215-what-to-watch-4\\src\\components\\private-route\\private-route.jsx": {"path":"G:\\Front\\HTMLAcademy\\JavaScript\\what-to-watch\\594215-what-to-watch-4\\src\\components\\private-route\\private-route.jsx","statementMap":{"0":{"start":{"line":7,"column":21},"end":{"line":21,"column":1}},"1":{"start":{"line":8,"column":42},"end":{"line":8,"column":47}},"2":{"start":{"line":9,"column":2},"end":{"line":20,"column":4}},"3":{"start":{"line":14,"column":8},"end":{"line":17,"column":10}},"4":{"start":{"line":23,"column":0},"end":{"line":28,"column":2}},"5":{"start":{"line":30,"column":24},"end":{"line":32,"column":2}},"6":{"start":{"line":30,"column":36},"end":{"line":32,"column":1}}},"fnMap":{"0":{"name":"(anonymous_0)","decl":{"start":{"line":7,"column":21},"end":{"line":7,"column":22}},"loc":{"start":{"line":7,"column":32},"end":{"line":21,"column":1}},"line":7},"1":{"name":"(anonymous_1)","decl":{"start":{"line":13,"column":14},"end":{"line":13,"column":15}},"loc":{"start":{"line":13,"column":31},"end":{"line":18,"column":7}},"line":13},"2":{"name":"(anonymous_2)","decl":{"start":{"line":30,"column":24},"end":{"line":30,"column":25}},"loc":{"start":{"line":30,"column":36},"end":{"line":32,"column":1}},"line":30}},"branchMap":{"0":{"loc":{"start":{"line":14,"column":16},"end":{"line":16,"column":43}},"type":"cond-expr","locations":[{"start":{"line":15,"column":12},"end":{"line":15,"column":31}},{"start":{"line":16,"column":12},"end":{"line":16,"column":43}}],"line":14}},"s":{"0":1,"1":0,"2":0,"3":0,"4":1,"5":1,"6":0},"f":{"0":0,"1":0,"2":0},"b":{"0":[0,0]},"_coverageSchema":"1a1c01bbd47fc00a2c39e90264f33305004495a9","hash":"edb873204844d282be6404fdd5de8d6e032d1bc7"}
,"G:\\Front\\HTMLAcademy\\JavaScript\\what-to-watch\\594215-what-to-watch-4\\src\\components\\show-more\\show-more.jsx": {"path":"G:\\Front\\HTMLAcademy\\JavaScript\\what-to-watch\\594215-what-to-watch-4\\src\\components\\show-more\\show-more.jsx","statementMap":{"0":{"start":{"line":4,"column":17},"end":{"line":12,"column":1}},"1":{"start":{"line":5,"column":34},"end":{"line":5,"column":39}},"2":{"start":{"line":7,"column":2},"end":{"line":11,"column":4}},"3":{"start":{"line":14,"column":0},"end":{"line":16,"column":2}}},"fnMap":{"0":{"name":"(anonymous_0)","decl":{"start":{"line":4,"column":17},"end":{"line":4,"column":18}},"loc":{"start":{"line":4,"column":28},"end":{"line":12,"column":1}},"line":4}},"branchMap":{},"s":{"0":4,"1":2,"2":2,"3":4},"f":{"0":2},"b":{},"_coverageSchema":"1a1c01bbd47fc00a2c39e90264f33305004495a9","hash":"83178fb984b0b9a0104d9fe30bfa346242840dda"}
,"G:\\Front\\HTMLAcademy\\JavaScript\\what-to-watch\\594215-what-to-watch-4\\src\\components\\sign-in\\sign-in.jsx": {"path":"G:\\Front\\HTMLAcademy\\JavaScript\\what-to-watch\\594215-what-to-watch-4\\src\\components\\sign-in\\sign-in.jsx","statementMap":{"0":{"start":{"line":5,"column":17},"end":{"line":8,"column":1}},"1":{"start":{"line":10,"column":15},"end":{"line":70,"column":1}},"2":{"start":{"line":11,"column":25},"end":{"line":11,"column":30}},"3":{"start":{"line":13,"column":28},"end":{"line":21,"column":3}},"4":{"start":{"line":14,"column":4},"end":{"line":14,"column":25}},"5":{"start":{"line":15,"column":17},"end":{"line":15,"column":41}},"6":{"start":{"line":17,"column":4},"end":{"line":20,"column":7}},"7":{"start":{"line":23,"column":2},"end":{"line":69,"column":4}},"8":{"start":{"line":72,"column":0},"end":{"line":74,"column":2}}},"fnMap":{"0":{"name":"(anonymous_0)","decl":{"start":{"line":10,"column":15},"end":{"line":10,"column":16}},"loc":{"start":{"line":10,"column":26},"end":{"line":70,"column":1}},"line":10},"1":{"name":"(anonymous_1)","decl":{"start":{"line":13,"column":28},"end":{"line":13,"column":29}},"loc":{"start":{"line":13,"column":37},"end":{"line":21,"column":3}},"line":13}},"branchMap":{},"s":{"0":3,"1":3,"2":2,"3":2,"4":1,"5":1,"6":1,"7":2,"8":3},"f":{"0":2,"1":1},"b":{},"_coverageSchema":"1a1c01bbd47fc00a2c39e90264f33305004495a9","hash":"cd1686a19f6d6968791246dcf83e0aa0044b72dc"}
,"G:\\Front\\HTMLAcademy\\JavaScript\\what-to-watch\\594215-what-to-watch-4\\src\\components\\small-movie-card\\small-movie-card.jsx": {"path":"G:\\Front\\HTMLAcademy\\JavaScript\\what-to-watch\\594215-what-to-watch-4\\src\\components\\small-movie-card\\small-movie-card.jsx","statementMap":{"0":{"start":{"line":6,"column":23},"end":{"line":33,"column":1}},"1":{"start":{"line":7,"column":80},"end":{"line":7,"column":85}},"2":{"start":{"line":8,"column":44},"end":{"line":8,"column":48}},"3":{"start":{"line":10,"column":2},"end":{"line":32,"column":4}},"4":{"start":{"line":13,"column":8},"end":{"line":13,"column":29}},"5":{"start":{"line":14,"column":8},"end":{"line":14,"column":29}},"6":{"start":{"line":16,"column":26},"end":{"line":16,"column":51}},"7":{"start":{"line":17,"column":26},"end":{"line":17,"column":44}},"8":{"start":{"line":35,"column":0},"end":{"line":56,"column":2}}},"fnMap":{"0":{"name":"(anonymous_0)","decl":{"start":{"line":6,"column":23},"end":{"line":6,"column":24}},"loc":{"start":{"line":6,"column":34},"end":{"line":33,"column":1}},"line":6},"1":{"name":"(anonymous_1)","decl":{"start":{"line":12,"column":15},"end":{"line":12,"column":16}},"loc":{"start":{"line":12,"column":24},"end":{"line":15,"column":7}},"line":12},"2":{"name":"(anonymous_2)","decl":{"start":{"line":16,"column":20},"end":{"line":16,"column":21}},"loc":{"start":{"line":16,"column":26},"end":{"line":16,"column":51}},"line":16},"3":{"name":"(anonymous_3)","decl":{"start":{"line":17,"column":20},"end":{"line":17,"column":21}},"loc":{"start":{"line":17,"column":26},"end":{"line":17,"column":44}},"line":17}},"branchMap":{},"s":{"0":7,"1":38,"2":38,"3":38,"4":1,"5":1,"6":1,"7":1,"8":7},"f":{"0":38,"1":1,"2":1,"3":1},"b":{},"_coverageSchema":"1a1c01bbd47fc00a2c39e90264f33305004495a9","hash":"fc41d8c91761d036f2778757efea1a7199bb4b53"}
,"G:\\Front\\HTMLAcademy\\JavaScript\\what-to-watch\\594215-what-to-watch-4\\src\\components\\tab\\tab.jsx": {"path":"G:\\Front\\HTMLAcademy\\JavaScript\\what-to-watch\\594215-what-to-watch-4\\src\\components\\tab\\tab.jsx","statementMap":{"0":{"start":{"line":7,"column":12},"end":{"line":19,"column":1}},"1":{"start":{"line":8,"column":56},"end":{"line":8,"column":61}},"2":{"start":{"line":9,"column":27},"end":{"line":9,"column":82}},"3":{"start":{"line":10,"column":32},"end":{"line":10,"column":59}},"4":{"start":{"line":12,"column":2},"end":{"line":18,"column":4}},"5":{"start":{"line":21,"column":0},"end":{"line":50,"column":2}}},"fnMap":{"0":{"name":"(anonymous_0)","decl":{"start":{"line":7,"column":12},"end":{"line":7,"column":13}},"loc":{"start":{"line":7,"column":23},"end":{"line":19,"column":1}},"line":7}},"branchMap":{},"s":{"0":3,"1":2,"2":2,"3":2,"4":2,"5":3},"f":{"0":2},"b":{},"_coverageSchema":"1a1c01bbd47fc00a2c39e90264f33305004495a9","hash":"0f77a032b8d35513713b6ec0f89775d78fe7df78"}
,"G:\\Front\\HTMLAcademy\\JavaScript\\what-to-watch\\594215-what-to-watch-4\\src\\components\\tabs\\tabs.jsx": {"path":"G:\\Front\\HTMLAcademy\\JavaScript\\what-to-watch\\594215-what-to-watch-4\\src\\components\\tabs\\tabs.jsx","statementMap":{"0":{"start":{"line":4,"column":17},"end":{"line":4,"column":51}},"1":{"start":{"line":6,"column":13},"end":{"line":29,"column":1}},"2":{"start":{"line":7,"column":34},"end":{"line":7,"column":39}},"3":{"start":{"line":9,"column":2},"end":{"line":28,"column":4}},"4":{"start":{"line":12,"column":8},"end":{"line":25,"column":10}},"5":{"start":{"line":19,"column":14},"end":{"line":19,"column":35}},"6":{"start":{"line":20,"column":14},"end":{"line":22,"column":15}},"7":{"start":{"line":21,"column":16},"end":{"line":21,"column":30}},"8":{"start":{"line":31,"column":0},"end":{"line":34,"column":2}}},"fnMap":{"0":{"name":"(anonymous_0)","decl":{"start":{"line":6,"column":13},"end":{"line":6,"column":14}},"loc":{"start":{"line":6,"column":24},"end":{"line":29,"column":1}},"line":6},"1":{"name":"(anonymous_1)","decl":{"start":{"line":11,"column":20},"end":{"line":11,"column":21}},"loc":{"start":{"line":11,"column":36},"end":{"line":26,"column":7}},"line":11},"2":{"name":"(anonymous_2)","decl":{"start":{"line":18,"column":61},"end":{"line":18,"column":62}},"loc":{"start":{"line":18,"column":70},"end":{"line":23,"column":13}},"line":18}},"branchMap":{"0":{"loc":{"start":{"line":14,"column":12},"end":{"line":16,"column":18}},"type":"cond-expr","locations":[{"start":{"line":15,"column":16},"end":{"line":15,"column":41}},{"start":{"line":16,"column":16},"end":{"line":16,"column":18}}],"line":14},"1":{"loc":{"start":{"line":20,"column":14},"end":{"line":22,"column":15}},"type":"if","locations":[{"start":{"line":20,"column":14},"end":{"line":22,"column":15}},{"start":{"line":20,"column":14},"end":{"line":22,"column":15}}],"line":20}},"s":{"0":4,"1":4,"2":3,"3":3,"4":9,"5":1,"6":1,"7":1,"8":4},"f":{"0":3,"1":9,"2":1},"b":{"0":[3,6],"1":[1,0]},"_coverageSchema":"1a1c01bbd47fc00a2c39e90264f33305004495a9","hash":"94f239df7651a36e5420668f4a5ebfa655f92a69"}
,"G:\\Front\\HTMLAcademy\\JavaScript\\what-to-watch\\594215-what-to-watch-4\\src\\components\\user-block\\user-block.jsx": {"path":"G:\\Front\\HTMLAcademy\\JavaScript\\what-to-watch\\594215-what-to-watch-4\\src\\components\\user-block\\user-block.jsx","statementMap":{"0":{"start":{"line":7,"column":17},"end":{"line":7,"column":48}},"1":{"start":{"line":9,"column":25},"end":{"line":23,"column":1}},"2":{"start":{"line":10,"column":35},"end":{"line":10,"column":40}},"3":{"start":{"line":12,"column":2},"end":{"line":22,"column":4}},"4":{"start":{"line":25,"column":0},"end":{"line":33,"column":2}},"5":{"start":{"line":35,"column":24},"end":{"line":38,"column":2}},"6":{"start":{"line":35,"column":36},"end":{"line":38,"column":1}}},"fnMap":{"0":{"name":"(anonymous_0)","decl":{"start":{"line":9,"column":25},"end":{"line":9,"column":26}},"loc":{"start":{"line":9,"column":36},"end":{"line":23,"column":1}},"line":9},"1":{"name":"(anonymous_1)","decl":{"start":{"line":35,"column":24},"end":{"line":35,"column":25}},"loc":{"start":{"line":35,"column":36},"end":{"line":38,"column":1}},"line":35}},"branchMap":{"0":{"loc":{"start":{"line":14,"column":7},"end":{"line":20,"column":71}},"type":"cond-expr","locations":[{"start":{"line":15,"column":10},"end":{"line":19,"column":14}},{"start":{"line":20,"column":10},"end":{"line":20,"column":71}}],"line":14}},"s":{"0":2,"1":2,"2":2,"3":2,"4":2,"5":2,"6":1},"f":{"0":2,"1":1},"b":{"0":[1,1]},"_coverageSchema":"1a1c01bbd47fc00a2c39e90264f33305004495a9","hash":"0a5f73637d0065e07b53c10144f6443ff3dc0c2c"}
,"G:\\Front\\HTMLAcademy\\JavaScript\\what-to-watch\\594215-what-to-watch-4\\src\\components\\video-player\\video-player.jsx": {"path":"G:\\Front\\HTMLAcademy\\JavaScript\\what-to-watch\\594215-what-to-watch-4\\src\\components\\video-player\\video-player.jsx","statementMap":{"0":{"start":{"line":6,"column":4},"end":{"line":6,"column":17}},"1":{"start":{"line":8,"column":4},"end":{"line":8,"column":33}},"2":{"start":{"line":12,"column":39},"end":{"line":12,"column":49}},"3":{"start":{"line":13,"column":18},"end":{"line":13,"column":40}},"4":{"start":{"line":15,"column":4},"end":{"line":15,"column":20}},"5":{"start":{"line":16,"column":4},"end":{"line":16,"column":32}},"6":{"start":{"line":17,"column":4},"end":{"line":17,"column":24}},"7":{"start":{"line":21,"column":18},"end":{"line":21,"column":40}},"8":{"start":{"line":23,"column":4},"end":{"line":23,"column":19}},"9":{"start":{"line":27,"column":24},"end":{"line":27,"column":34}},"10":{"start":{"line":28,"column":18},"end":{"line":28,"column":40}},"11":{"start":{"line":30,"column":4},"end":{"line":36,"column":5}},"12":{"start":{"line":31,"column":6},"end":{"line":31,"column":19}},"13":{"start":{"line":33,"column":6},"end":{"line":33,"column":20}},"14":{"start":{"line":34,"column":6},"end":{"line":34,"column":28}},"15":{"start":{"line":35,"column":6},"end":{"line":35,"column":19}},"16":{"start":{"line":40,"column":4},"end":{"line":45,"column":6}},"17":{"start":{"line":49,"column":0},"end":{"line":54,"column":2}}},"fnMap":{"0":{"name":"(anonymous_0)","decl":{"start":{"line":5,"column":2},"end":{"line":5,"column":3}},"loc":{"start":{"line":5,"column":21},"end":{"line":9,"column":3}},"line":5},"1":{"name":"(anonymous_1)","decl":{"start":{"line":11,"column":2},"end":{"line":11,"column":3}},"loc":{"start":{"line":11,"column":22},"end":{"line":18,"column":3}},"line":11},"2":{"name":"(anonymous_2)","decl":{"start":{"line":20,"column":2},"end":{"line":20,"column":3}},"loc":{"start":{"line":20,"column":25},"end":{"line":24,"column":3}},"line":20},"3":{"name":"(anonymous_3)","decl":{"start":{"line":26,"column":2},"end":{"line":26,"column":3}},"loc":{"start":{"line":26,"column":23},"end":{"line":37,"column":3}},"line":26},"4":{"name":"(anonymous_4)","decl":{"start":{"line":39,"column":2},"end":{"line":39,"column":3}},"loc":{"start":{"line":39,"column":11},"end":{"line":46,"column":3}},"line":39}},"branchMap":{"0":{"loc":{"start":{"line":30,"column":4},"end":{"line":36,"column":5}},"type":"if","locations":[{"start":{"line":30,"column":4},"end":{"line":36,"column":5}},{"start":{"line":30,"column":4},"end":{"line":36,"column":5}}],"line":30}},"s":{"0":40,"1":40,"2":40,"3":40,"4":40,"5":40,"6":40,"7":0,"8":0,"9":0,"10":0,"11":0,"12":0,"13":0,"14":0,"15":0,"16":40,"17":9},"f":{"0":40,"1":40,"2":0,"3":0,"4":40},"b":{"0":[0,0]},"_coverageSchema":"1a1c01bbd47fc00a2c39e90264f33305004495a9","hash":"326aaaa2204d18fdf426a09b1ca9356dbb4fd73a"}
,"G:\\Front\\HTMLAcademy\\JavaScript\\what-to-watch\\594215-what-to-watch-4\\src\\helpers\\const.js": {"path":"G:\\Front\\HTMLAcademy\\JavaScript\\what-to-watch\\594215-what-to-watch-4\\src\\helpers\\const.js","statementMap":{"0":{"start":{"line":1,"column":22},"end":{"line":1,"column":26}},"1":{"start":{"line":3,"column":28},"end":{"line":3,"column":29}},"2":{"start":{"line":5,"column":20},"end":{"line":11,"column":1}}},"fnMap":{},"branchMap":{},"s":{"0":8,"1":8,"2":8},"f":{},"b":{},"_coverageSchema":"1a1c01bbd47fc00a2c39e90264f33305004495a9","hash":"b2b5b5fb1104ac6b7e3a0bd5b2c9f6d25f796967"}
,"G:\\Front\\HTMLAcademy\\JavaScript\\what-to-watch\\594215-what-to-watch-4\\src\\helpers\\test-data.js": {"path":"G:\\Front\\HTMLAcademy\\JavaScript\\what-to-watch\\594215-what-to-watch-4\\src\\helpers\\test-data.js","statementMap":{"0":{"start":{"line":1,"column":14},"end":{"line":130,"column":1}},"1":{"start":{"line":132,"column":13},"end":{"line":164,"column":1}},"2":{"start":{"line":166,"column":17},"end":{"line":187,"column":1}}},"fnMap":{},"branchMap":{},"s":{"0":14,"1":14,"2":14},"f":{},"b":{},"_coverageSchema":"1a1c01bbd47fc00a2c39e90264f33305004495a9","hash":"91df7e136e8563d6ccfc35e166445b8c2feeb74c"}
,"G:\\Front\\HTMLAcademy\\JavaScript\\what-to-watch\\594215-what-to-watch-4\\src\\helpers\\utils.js": {"path":"G:\\Front\\HTMLAcademy\\JavaScript\\what-to-watch\\594215-what-to-watch-4\\src\\helpers\\utils.js","statementMap":{"0":{"start":{"line":3,"column":28},"end":{"line":3,"column":29}},"1":{"start":{"line":5,"column":23},"end":{"line":21,"column":1}},"2":{"start":{"line":6,"column":2},"end":{"line":19,"column":3}},"3":{"start":{"line":8,"column":6},"end":{"line":8,"column":19}},"4":{"start":{"line":10,"column":6},"end":{"line":10,"column":22}},"5":{"start":{"line":12,"column":6},"end":{"line":12,"column":20}},"6":{"start":{"line":14,"column":6},"end":{"line":14,"column":25}},"7":{"start":{"line":16,"column":6},"end":{"line":16,"column":23}},"8":{"start":{"line":18,"column":6},"end":{"line":18,"column":12}},"9":{"start":{"line":20,"column":2},"end":{"line":20,"column":14}},"10":{"start":{"line":23,"column":25},"end":{"line":34,"column":1}},"11":{"start":{"line":24,"column":21},"end":{"line":24,"column":43}},"12":{"start":{"line":25,"column":16},"end":{"line":25,"column":50}},"13":{"start":{"line":26,"column":18},"end":{"line":26,"column":50}},"14":{"start":{"line":27,"column":14},"end":{"line":27,"column":46}},"15":{"start":{"line":29,"column":19},"end":{"line":29,"column":59}},"16":{"start":{"line":30,"column":21},"end":{"line":30,"column":67}},"17":{"start":{"line":31,"column":17},"end":{"line":31,"column":51}},"18":{"start":{"line":33,"column":2},"end":{"line":33,"column":47}},"19":{"start":{"line":36,"column":21},"end":{"line":40,"column":1}},"20":{"start":{"line":37,"column":23},"end":{"line":37,"column":52}},"21":{"start":{"line":39,"column":2},"end":{"line":39,"column":56}},"22":{"start":{"line":39,"column":30},"end":{"line":39,"column":54}},"23":{"start":{"line":42,"column":24},"end":{"line":42,"column":188}},"24":{"start":{"line":42,"column":42},"end":{"line":42,"column":188}},"25":{"start":{"line":42,"column":65},"end":{"line":42,"column":157}}},"fnMap":{"0":{"name":"(anonymous_0)","decl":{"start":{"line":5,"column":23},"end":{"line":5,"column":24}},"loc":{"start":{"line":5,"column":40},"end":{"line":21,"column":1}},"line":5},"1":{"name":"(anonymous_1)","decl":{"start":{"line":23,"column":25},"end":{"line":23,"column":26}},"loc":{"start":{"line":23,"column":52},"end":{"line":34,"column":1}},"line":23},"2":{"name":"(anonymous_2)","decl":{"start":{"line":36,"column":21},"end":{"line":36,"column":22}},"loc":{"start":{"line":36,"column":39},"end":{"line":40,"column":1}},"line":36},"3":{"name":"(anonymous_3)","decl":{"start":{"line":39,"column":20},"end":{"line":39,"column":21}},"loc":{"start":{"line":39,"column":30},"end":{"line":39,"column":54}},"line":39},"4":{"name":"(anonymous_4)","decl":{"start":{"line":42,"column":24},"end":{"line":42,"column":25}},"loc":{"start":{"line":42,"column":42},"end":{"line":42,"column":188}},"line":42},"5":{"name":"(anonymous_5)","decl":{"start":{"line":42,"column":55},"end":{"line":42,"column":56}},"loc":{"start":{"line":42,"column":65},"end":{"line":42,"column":157}},"line":42}},"branchMap":{"0":{"loc":{"start":{"line":6,"column":2},"end":{"line":19,"column":3}},"type":"switch","locations":[{"start":{"line":7,"column":4},"end":{"line":8,"column":19}},{"start":{"line":9,"column":4},"end":{"line":10,"column":22}},{"start":{"line":11,"column":4},"end":{"line":12,"column":20}},{"start":{"line":13,"column":4},"end":{"line":14,"column":25}},{"start":{"line":15,"column":4},"end":{"line":16,"column":23}},{"start":{"line":17,"column":4},"end":{"line":18,"column":12}}],"line":6},"1":{"loc":{"start":{"line":29,"column":19},"end":{"line":29,"column":59}},"type":"cond-expr","locations":[{"start":{"line":29,"column":40},"end":{"line":29,"column":45}},{"start":{"line":29,"column":48},"end":{"line":29,"column":59}}],"line":29},"2":{"loc":{"start":{"line":30,"column":21},"end":{"line":30,"column":67}},"type":"cond-expr","locations":[{"start":{"line":30,"column":44},"end":{"line":30,"column":51}},{"start":{"line":30,"column":54},"end":{"line":30,"column":67}}],"line":30},"3":{"loc":{"start":{"line":31,"column":17},"end":{"line":31,"column":51}},"type":"cond-expr","locations":[{"start":{"line":31,"column":36},"end":{"line":31,"column":39}},{"start":{"line":31,"column":42},"end":{"line":31,"column":51}}],"line":31},"4":{"loc":{"start":{"line":42,"column":65},"end":{"line":42,"column":157}},"type":"binary-expr","locations":[{"start":{"line":42,"column":65},"end":{"line":42,"column":106}},{"start":{"line":42,"column":110},"end":{"line":42,"column":157}}],"line":42}},"s":{"0":5,"1":5,"2":3,"3":0,"4":0,"5":0,"6":0,"7":3,"8":0,"9":0,"10":5,"11":0,"12":0,"13":0,"14":0,"15":0,"16":0,"17":0,"18":0,"19":5,"20":0,"21":0,"22":0,"23":5,"24":0,"25":0},"f":{"0":3,"1":0,"2":0,"3":0,"4":0,"5":0},"b":{"0":[0,0,0,0,3,0],"1":[0,0],"2":[0,0],"3":[0,0],"4":[0,0]},"_coverageSchema":"1a1c01bbd47fc00a2c39e90264f33305004495a9","hash":"305c185cc26850eac33eaa82f9099460d951a6d4"}
,"G:\\Front\\HTMLAcademy\\JavaScript\\what-to-watch\\594215-what-to-watch-4\\src\\hocs\\with-active-item\\with-active-item.js": {"path":"G:\\Front\\HTMLAcademy\\JavaScript\\what-to-watch\\594215-what-to-watch-4\\src\\hocs\\with-active-item\\with-active-item.js","statementMap":{"0":{"start":{"line":3,"column":23},"end":{"line":34,"column":1}},"1":{"start":{"line":6,"column":6},"end":{"line":6,"column":19}},"2":{"start":{"line":8,"column":6},"end":{"line":10,"column":8}},"3":{"start":{"line":12,"column":6},"end":{"line":12,"column":77}},"4":{"start":{"line":16,"column":6},"end":{"line":16,"column":34}},"5":{"start":{"line":20,"column":27},"end":{"line":20,"column":37}},"6":{"start":{"line":22,"column":6},"end":{"line":27,"column":12}},"7":{"start":{"line":31,"column":2},"end":{"line":31,"column":32}},"8":{"start":{"line":33,"column":2},"end":{"line":33,"column":24}}},"fnMap":{"0":{"name":"(anonymous_0)","decl":{"start":{"line":3,"column":23},"end":{"line":3,"column":24}},"loc":{"start":{"line":3,"column":38},"end":{"line":34,"column":1}},"line":3},"1":{"name":"(anonymous_1)","decl":{"start":{"line":5,"column":4},"end":{"line":5,"column":5}},"loc":{"start":{"line":5,"column":23},"end":{"line":13,"column":5}},"line":5},"2":{"name":"(anonymous_2)","decl":{"start":{"line":15,"column":4},"end":{"line":15,"column":5}},"loc":{"start":{"line":15,"column":40},"end":{"line":17,"column":5}},"line":15},"3":{"name":"(anonymous_3)","decl":{"start":{"line":19,"column":4},"end":{"line":19,"column":5}},"loc":{"start":{"line":19,"column":13},"end":{"line":28,"column":5}},"line":19}},"branchMap":{},"s":{"0":6,"1":6,"2":6,"3":6,"4":1,"5":7,"6":7,"7":9,"8":9},"f":{"0":9,"1":6,"2":1,"3":7},"b":{},"_coverageSchema":"1a1c01bbd47fc00a2c39e90264f33305004495a9","hash":"e26084ab07946ddbaa52b726153cd2d249ea8096"}
,"G:\\Front\\HTMLAcademy\\JavaScript\\what-to-watch\\594215-what-to-watch-4\\src\\hocs\\with-full-player\\with-full-player.js": {"path":"G:\\Front\\HTMLAcademy\\JavaScript\\what-to-watch\\594215-what-to-watch-4\\src\\hocs\\with-full-player\\with-full-player.js","statementMap":{"0":{"start":{"line":6,"column":23},"end":{"line":120,"column":1}},"1":{"start":{"line":9,"column":6},"end":{"line":9,"column":19}},"2":{"start":{"line":11,"column":6},"end":{"line":11,"column":35}},"3":{"start":{"line":13,"column":6},"end":{"line":17,"column":8}},"4":{"start":{"line":19,"column":6},"end":{"line":19,"column":61}},"5":{"start":{"line":20,"column":6},"end":{"line":20,"column":63}},"6":{"start":{"line":21,"column":6},"end":{"line":21,"column":69}},"7":{"start":{"line":22,"column":6},"end":{"line":22,"column":59}},"8":{"start":{"line":23,"column":6},"end":{"line":23,"column":65}},"9":{"start":{"line":24,"column":6},"end":{"line":24,"column":73}},"10":{"start":{"line":28,"column":20},"end":{"line":28,"column":42}},"11":{"start":{"line":30,"column":6},"end":{"line":36,"column":7}},"12":{"start":{"line":31,"column":8},"end":{"line":31,"column":21}},"13":{"start":{"line":32,"column":8},"end":{"line":32,"column":41}},"14":{"start":{"line":34,"column":8},"end":{"line":34,"column":22}},"15":{"start":{"line":35,"column":8},"end":{"line":35,"column":42}},"16":{"start":{"line":40,"column":20},"end":{"line":40,"column":42}},"17":{"start":{"line":42,"column":6},"end":{"line":42,"column":32}},"18":{"start":{"line":46,"column":6},"end":{"line":46,"column":79}},"19":{"start":{"line":50,"column":6},"end":{"line":50,"column":80}},"20":{"start":{"line":54,"column":6},"end":{"line":56,"column":9}},"21":{"start":{"line":60,"column":6},"end":{"line":63,"column":9}},"22":{"start":{"line":67,"column":26},"end":{"line":67,"column":36}},"23":{"start":{"line":69,"column":38},"end":{"line":69,"column":48}},"24":{"start":{"line":70,"column":39},"end":{"line":70,"column":43}},"25":{"start":{"line":72,"column":6},"end":{"line":93,"column":8}},"26":{"start":{"line":97,"column":2},"end":{"line":117,"column":4}},"27":{"start":{"line":119,"column":2},"end":{"line":119,"column":24}}},"fnMap":{"0":{"name":"(anonymous_0)","decl":{"start":{"line":6,"column":23},"end":{"line":6,"column":24}},"loc":{"start":{"line":6,"column":38},"end":{"line":120,"column":1}},"line":6},"1":{"name":"(anonymous_1)","decl":{"start":{"line":8,"column":4},"end":{"line":8,"column":5}},"loc":{"start":{"line":8,"column":23},"end":{"line":25,"column":5}},"line":8},"2":{"name":"(anonymous_2)","decl":{"start":{"line":27,"column":4},"end":{"line":27,"column":5}},"loc":{"start":{"line":27,"column":22},"end":{"line":37,"column":5}},"line":27},"3":{"name":"(anonymous_3)","decl":{"start":{"line":39,"column":4},"end":{"line":39,"column":5}},"loc":{"start":{"line":39,"column":23},"end":{"line":43,"column":5}},"line":39},"4":{"name":"(anonymous_4)","decl":{"start":{"line":45,"column":4},"end":{"line":45,"column":5}},"loc":{"start":{"line":45,"column":26},"end":{"line":47,"column":5}},"line":45},"5":{"name":"(anonymous_5)","decl":{"start":{"line":49,"column":4},"end":{"line":49,"column":5}},"loc":{"start":{"line":49,"column":21},"end":{"line":51,"column":5}},"line":49},"6":{"name":"(anonymous_6)","decl":{"start":{"line":53,"column":4},"end":{"line":53,"column":5}},"loc":{"start":{"line":53,"column":27},"end":{"line":57,"column":5}},"line":53},"7":{"name":"(anonymous_7)","decl":{"start":{"line":59,"column":4},"end":{"line":59,"column":5}},"loc":{"start":{"line":59,"column":31},"end":{"line":64,"column":5}},"line":59},"8":{"name":"(anonymous_8)","decl":{"start":{"line":66,"column":4},"end":{"line":66,"column":5}},"loc":{"start":{"line":66,"column":13},"end":{"line":94,"column":5}},"line":66}},"branchMap":{"0":{"loc":{"start":{"line":30,"column":6},"end":{"line":36,"column":7}},"type":"if","locations":[{"start":{"line":30,"column":6},"end":{"line":36,"column":7}},{"start":{"line":30,"column":6},"end":{"line":36,"column":7}}],"line":30}},"s":{"0":2,"1":1,"2":1,"3":1,"4":1,"5":1,"6":1,"7":1,"8":1,"9":1,"10":0,"11":0,"12":0,"13":0,"14":0,"15":0,"16":0,"17":0,"18":0,"19":0,"20":0,"21":0,"22":1,"23":1,"24":1,"25":1,"26":2,"27":2},"f":{"0":2,"1":1,"2":0,"3":0,"4":0,"5":0,"6":0,"7":0,"8":1},"b":{"0":[0,0]},"_coverageSchema":"1a1c01bbd47fc00a2c39e90264f33305004495a9","hash":"3cb20fc4632dbe8f1781a1441ee702264e97b5a8"}
,"G:\\Front\\HTMLAcademy\\JavaScript\\what-to-watch\\594215-what-to-watch-4\\src\\hocs\\with-is-valid\\with-is-valid.js": {"path":"G:\\Front\\HTMLAcademy\\JavaScript\\what-to-watch\\594215-what-to-watch-4\\src\\hocs\\with-is-valid\\with-is-valid.js","statementMap":{"0":{"start":{"line":3,"column":20},"end":{"line":36,"column":1}},"1":{"start":{"line":6,"column":6},"end":{"line":6,"column":19}},"2":{"start":{"line":8,"column":6},"end":{"line":10,"column":8}},"3":{"start":{"line":12,"column":6},"end":{"line":12,"column":71}},"4":{"start":{"line":16,"column":6},"end":{"line":16,"column":31}},"5":{"start":{"line":20,"column":24},"end":{"line":20,"column":34}},"6":{"start":{"line":22,"column":6},"end":{"line":28,"column":8}},"7":{"start":{"line":33,"column":2},"end":{"line":33,"column":29}},"8":{"start":{"line":35,"column":2},"end":{"line":35,"column":21}}},"fnMap":{"0":{"name":"(anonymous_0)","decl":{"start":{"line":3,"column":20},"end":{"line":3,"column":21}},"loc":{"start":{"line":3,"column":35},"end":{"line":36,"column":1}},"line":3},"1":{"name":"(anonymous_1)","decl":{"start":{"line":5,"column":4},"end":{"line":5,"column":5}},"loc":{"start":{"line":5,"column":23},"end":{"line":13,"column":5}},"line":5},"2":{"name":"(anonymous_2)","decl":{"start":{"line":15,"column":4},"end":{"line":15,"column":5}},"loc":{"start":{"line":15,"column":34},"end":{"line":17,"column":5}},"line":15},"3":{"name":"(anonymous_3)","decl":{"start":{"line":19,"column":4},"end":{"line":19,"column":5}},"loc":{"start":{"line":19,"column":13},"end":{"line":29,"column":5}},"line":19}},"branchMap":{},"s":{"0":2,"1":1,"2":1,"3":1,"4":0,"5":1,"6":1,"7":2,"8":2},"f":{"0":2,"1":1,"2":0,"3":1},"b":{},"_coverageSchema":"1a1c01bbd47fc00a2c39e90264f33305004495a9","hash":"668ff892b58c03e9eceb117609d79e6797f4cde0"}
,"G:\\Front\\HTMLAcademy\\JavaScript\\what-to-watch\\594215-what-to-watch-4\\src\\models\\comment.js": {"path":"G:\\Front\\HTMLAcademy\\JavaScript\\what-to-watch\\594215-what-to-watch-4\\src\\models\\comment.js","statementMap":{"0":{"start":{"line":3,"column":4},"end":{"line":3,"column":31}},"1":{"start":{"line":4,"column":4},"end":{"line":7,"column":6}},"2":{"start":{"line":8,"column":4},"end":{"line":8,"column":39}},"3":{"start":{"line":9,"column":4},"end":{"line":9,"column":40}},"4":{"start":{"line":10,"column":4},"end":{"line":10,"column":47}},"5":{"start":{"line":14,"column":4},"end":{"line":14,"column":32}},"6":{"start":{"line":18,"column":4},"end":{"line":18,"column":46}}},"fnMap":{"0":{"name":"(anonymous_0)","decl":{"start":{"line":2,"column":2},"end":{"line":2,"column":3}},"loc":{"start":{"line":2,"column":20},"end":{"line":11,"column":3}},"line":2},"1":{"name":"(anonymous_1)","decl":{"start":{"line":13,"column":2},"end":{"line":13,"column":3}},"loc":{"start":{"line":13,"column":31},"end":{"line":15,"column":3}},"line":13},"2":{"name":"(anonymous_2)","decl":{"start":{"line":17,"column":2},"end":{"line":17,"column":3}},"loc":{"start":{"line":17,"column":33},"end":{"line":19,"column":3}},"line":17}},"branchMap":{"0":{"loc":{"start":{"line":3,"column":14},"end":{"line":3,"column":30}},"type":"binary-expr","locations":[{"start":{"line":3,"column":14},"end":{"line":3,"column":24}},{"start":{"line":3,"column":28},"end":{"line":3,"column":30}}],"line":3},"1":{"loc":{"start":{"line":5,"column":10},"end":{"line":5,"column":34}},"type":"binary-expr","locations":[{"start":{"line":5,"column":10},"end":{"line":5,"column":28}},{"start":{"line":5,"column":32},"end":{"line":5,"column":34}}],"line":5},"2":{"loc":{"start":{"line":6,"column":12},"end":{"line":6,"column":38}},"type":"binary-expr","locations":[{"start":{"line":6,"column":12},"end":{"line":6,"column":32}},{"start":{"line":6,"column":36},"end":{"line":6,"column":38}}],"line":6},"3":{"loc":{"start":{"line":8,"column":18},"end":{"line":8,"column":38}},"type":"binary-expr","locations":[{"start":{"line":8,"column":18},"end":{"line":8,"column":32}},{"start":{"line":8,"column":36},"end":{"line":8,"column":38}}],"line":8},"4":{"loc":{"start":{"line":9,"column":18},"end":{"line":9,"column":39}},"type":"binary-expr","locations":[{"start":{"line":9,"column":18},"end":{"line":9,"column":33}},{"start":{"line":9,"column":37},"end":{"line":9,"column":39}}],"line":9},"5":{"loc":{"start":{"line":10,"column":16},"end":{"line":10,"column":46}},"type":"binary-expr","locations":[{"start":{"line":10,"column":16},"end":{"line":10,"column":38}},{"start":{"line":10,"column":42},"end":{"line":10,"column":46}}],"line":10}},"s":{"0":0,"1":0,"2":0,"3":0,"4":0,"5":0,"6":2},"f":{"0":0,"1":0,"2":2},"b":{"0":[0,0],"1":[0,0],"2":[0,0],"3":[0,0],"4":[0,0],"5":[0,0]},"_coverageSchema":"1a1c01bbd47fc00a2c39e90264f33305004495a9","hash":"5b1dec51b438c33295952fd0d04bbc2682d0ec12"}
,"G:\\Front\\HTMLAcademy\\JavaScript\\what-to-watch\\594215-what-to-watch-4\\src\\models\\film.js": {"path":"G:\\Front\\HTMLAcademy\\JavaScript\\what-to-watch\\594215-what-to-watch-4\\src\\models\\film.js","statementMap":{"0":{"start":{"line":3,"column":4},"end":{"line":3,"column":30}},"1":{"start":{"line":4,"column":4},"end":{"line":4,"column":36}},"2":{"start":{"line":5,"column":4},"end":{"line":5,"column":50}},"3":{"start":{"line":6,"column":4},"end":{"line":6,"column":52}},"4":{"start":{"line":7,"column":4},"end":{"line":7,"column":58}},"5":{"start":{"line":8,"column":4},"end":{"line":8,"column":58}},"6":{"start":{"line":9,"column":4},"end":{"line":9,"column":46}},"7":{"start":{"line":10,"column":4},"end":{"line":10,"column":55}},"8":{"start":{"line":11,"column":4},"end":{"line":11,"column":49}},"9":{"start":{"line":12,"column":4},"end":{"line":12,"column":43}},"10":{"start":{"line":13,"column":4},"end":{"line":13,"column":49}},"11":{"start":{"line":14,"column":4},"end":{"line":14,"column":43}},"12":{"start":{"line":15,"column":4},"end":{"line":15,"column":45}},"13":{"start":{"line":16,"column":4},"end":{"line":16,"column":41}},"14":{"start":{"line":17,"column":4},"end":{"line":17,"column":37}},"15":{"start":{"line":18,"column":4},"end":{"line":18,"column":46}},"16":{"start":{"line":19,"column":4},"end":{"line":19,"column":51}},"17":{"start":{"line":23,"column":4},"end":{"line":23,"column":58}},"18":{"start":{"line":27,"column":4},"end":{"line":27,"column":37}}},"fnMap":{"0":{"name":"(anonymous_0)","decl":{"start":{"line":2,"column":2},"end":{"line":2,"column":3}},"loc":{"start":{"line":2,"column":20},"end":{"line":20,"column":3}},"line":2},"1":{"name":"(anonymous_1)","decl":{"start":{"line":22,"column":2},"end":{"line":22,"column":3}},"loc":{"start":{"line":22,"column":25},"end":{"line":24,"column":3}},"line":22},"2":{"name":"(anonymous_2)","decl":{"start":{"line":26,"column":2},"end":{"line":26,"column":3}},"loc":{"start":{"line":26,"column":27},"end":{"line":28,"column":3}},"line":26}},"branchMap":{"0":{"loc":{"start":{"line":3,"column":14},"end":{"line":3,"column":29}},"type":"binary-expr","locations":[{"start":{"line":3,"column":14},"end":{"line":3,"column":24}},{"start":{"line":3,"column":28},"end":{"line":3,"column":29}}],"line":3},"1":{"loc":{"start":{"line":4,"column":17},"end":{"line":4,"column":35}},"type":"binary-expr","locations":[{"start":{"line":4,"column":17},"end":{"line":4,"column":29}},{"start":{"line":4,"column":33},"end":{"line":4,"column":35}}],"line":4},"2":{"loc":{"start":{"line":5,"column":23},"end":{"line":5,"column":49}},"type":"binary-expr","locations":[{"start":{"line":5,"column":23},"end":{"line":5,"column":43}},{"start":{"line":5,"column":47},"end":{"line":5,"column":49}}],"line":5},"3":{"loc":{"start":{"line":6,"column":24},"end":{"line":6,"column":51}},"type":"binary-expr","locations":[{"start":{"line":6,"column":24},"end":{"line":6,"column":45}},{"start":{"line":6,"column":49},"end":{"line":6,"column":51}}],"line":6},"4":{"loc":{"start":{"line":7,"column":27},"end":{"line":7,"column":57}},"type":"binary-expr","locations":[{"start":{"line":7,"column":27},"end":{"line":7,"column":51}},{"start":{"line":7,"column":55},"end":{"line":7,"column":57}}],"line":7},"5":{"loc":{"start":{"line":8,"column":27},"end":{"line":8,"column":57}},"type":"binary-expr","locations":[{"start":{"line":8,"column":27},"end":{"line":8,"column":51}},{"start":{"line":8,"column":55},"end":{"line":8,"column":57}}],"line":8},"6":{"loc":{"start":{"line":9,"column":21},"end":{"line":9,"column":45}},"type":"binary-expr","locations":[{"start":{"line":9,"column":21},"end":{"line":9,"column":39}},{"start":{"line":9,"column":43},"end":{"line":9,"column":45}}],"line":9},"7":{"loc":{"start":{"line":10,"column":22},"end":{"line":10,"column":54}},"type":"binary-expr","locations":[{"start":{"line":10,"column":22},"end":{"line":10,"column":48}},{"start":{"line":10,"column":52},"end":{"line":10,"column":54}}],"line":10},"8":{"loc":{"start":{"line":11,"column":23},"end":{"line":11,"column":48}},"type":"binary-expr","locations":[{"start":{"line":11,"column":23},"end":{"line":11,"column":42}},{"start":{"line":11,"column":46},"end":{"line":11,"column":48}}],"line":11},"9":{"loc":{"start":{"line":12,"column":23},"end":{"line":12,"column":42}},"type":"binary-expr","locations":[{"start":{"line":12,"column":23},"end":{"line":12,"column":37}},{"start":{"line":12,"column":41},"end":{"line":12,"column":42}}],"line":12},"10":{"loc":{"start":{"line":13,"column":23},"end":{"line":13,"column":48}},"type":"binary-expr","locations":[{"start":{"line":13,"column":23},"end":{"line":13,"column":43}},{"start":{"line":13,"column":47},"end":{"line":13,"column":48}}],"line":13},"11":{"loc":{"start":{"line":14,"column":20},"end":{"line":14,"column":42}},"type":"binary-expr","locations":[{"start":{"line":14,"column":20},"end":{"line":14,"column":36}},{"start":{"line":14,"column":40},"end":{"line":14,"column":42}}],"line":14},"12":{"loc":{"start":{"line":15,"column":20},"end":{"line":15,"column":44}},"type":"binary-expr","locations":[{"start":{"line":15,"column":20},"end":{"line":15,"column":36}},{"start":{"line":15,"column":40},"end":{"line":15,"column":44}}],"line":15},"13":{"loc":{"start":{"line":16,"column":19},"end":{"line":16,"column":40}},"type":"binary-expr","locations":[{"start":{"line":16,"column":19},"end":{"line":16,"column":35}},{"start":{"line":16,"column":39},"end":{"line":16,"column":40}}],"line":16},"14":{"loc":{"start":{"line":17,"column":17},"end":{"line":17,"column":36}},"type":"binary-expr","locations":[{"start":{"line":17,"column":17},"end":{"line":17,"column":30}},{"start":{"line":17,"column":34},"end":{"line":17,"column":36}}],"line":17},"15":{"loc":{"start":{"line":18,"column":23},"end":{"line":18,"column":45}},"type":"binary-expr","locations":[{"start":{"line":18,"column":23},"end":{"line":18,"column":39}},{"start":{"line":18,"column":43},"end":{"line":18,"column":45}}],"line":18},"16":{"loc":{"start":{"line":23,"column":11},"end":{"line":23,"column":57}},"type":"cond-expr","locations":[{"start":{"line":23,"column":38},"end":{"line":23,"column":52}},{"start":{"line":23,"column":55},"end":{"line":23,"column":57}}],"line":23}},"s":{"0":0,"1":0,"2":0,"3":0,"4":0,"5":0,"6":0,"7":0,"8":0,"9":0,"10":0,"11":0,"12":0,"13":0,"14":0,"15":0,"16":0,"17":1,"18":2},"f":{"0":0,"1":1,"2":2},"b":{"0":[0,0],"1":[0,0],"2":[0,0],"3":[0,0],"4":[0,0],"5":[0,0],"6":[0,0],"7":[0,0],"8":[0,0],"9":[0,0],"10":[0,0],"11":[0,0],"12":[0,0],"13":[0,0],"14":[0,0],"15":[0,0],"16":[0,1]},"_coverageSchema":"1a1c01bbd47fc00a2c39e90264f33305004495a9","hash":"8b3ce9a5f936c7670a788311f7e348535c511cda"}
,"G:\\Front\\HTMLAcademy\\JavaScript\\what-to-watch\\594215-what-to-watch-4\\src\\models\\user.js": {"path":"G:\\Front\\HTMLAcademy\\JavaScript\\what-to-watch\\594215-what-to-watch-4\\src\\models\\user.js","statementMap":{"0":{"start":{"line":3,"column":4},"end":{"line":3,"column":31}},"1":{"start":{"line":4,"column":4},"end":{"line":4,"column":37}},"2":{"start":{"line":5,"column":4},"end":{"line":5,"column":35}},"3":{"start":{"line":6,"column":4},"end":{"line":6,"column":46}},"4":{"start":{"line":10,"column":4},"end":{"line":10,"column":26}}},"fnMap":{"0":{"name":"(anonymous_0)","decl":{"start":{"line":2,"column":2},"end":{"line":2,"column":3}},"loc":{"start":{"line":2,"column":20},"end":{"line":7,"column":3}},"line":2},"1":{"name":"(anonymous_1)","decl":{"start":{"line":9,"column":2},"end":{"line":9,"column":3}},"loc":{"start":{"line":9,"column":25},"end":{"line":11,"column":3}},"line":9}},"branchMap":{"0":{"loc":{"start":{"line":3,"column":14},"end":{"line":3,"column":30}},"type":"binary-expr","locations":[{"start":{"line":3,"column":14},"end":{"line":3,"column":24}},{"start":{"line":3,"column":28},"end":{"line":3,"column":30}}],"line":3},"1":{"loc":{"start":{"line":4,"column":17},"end":{"line":4,"column":36}},"type":"binary-expr","locations":[{"start":{"line":4,"column":17},"end":{"line":4,"column":30}},{"start":{"line":4,"column":34},"end":{"line":4,"column":36}}],"line":4},"2":{"loc":{"start":{"line":5,"column":16},"end":{"line":5,"column":34}},"type":"binary-expr","locations":[{"start":{"line":5,"column":16},"end":{"line":5,"column":28}},{"start":{"line":5,"column":32},"end":{"line":5,"column":34}}],"line":5},"3":{"loc":{"start":{"line":6,"column":21},"end":{"line":6,"column":45}},"type":"binary-expr","locations":[{"start":{"line":6,"column":21},"end":{"line":6,"column":39}},{"start":{"line":6,"column":43},"end":{"line":6,"column":45}}],"line":6}},"s":{"0":1,"1":1,"2":1,"3":1,"4":1},"f":{"0":1,"1":1},"b":{"0":[1,0],"1":[1,0],"2":[1,0],"3":[1,0]},"_coverageSchema":"1a1c01bbd47fc00a2c39e90264f33305004495a9","hash":"e97e05aa1006705dac16808285a25c4d2c07612c"}
,"G:\\Front\\HTMLAcademy\\JavaScript\\what-to-watch\\594215-what-to-watch-4\\src\\reducer\\name-space.js": {"path":"G:\\Front\\HTMLAcademy\\JavaScript\\what-to-watch\\594215-what-to-watch-4\\src\\reducer\\name-space.js","statementMap":{"0":{"start":{"line":1,"column":18},"end":{"line":5,"column":1}}},"fnMap":{},"branchMap":{},"s":{"0":6},"f":{},"b":{},"_coverageSchema":"1a1c01bbd47fc00a2c39e90264f33305004495a9","hash":"8baf33c756925de377a7ac2f9d5d21cb3a2489a5"}
[...]
oc":{"start":{"line":36,"column":26},"end":{"line":36,"column":39}},"line":36},"8":{"name":"(anonymous_8)","decl":{"start":{"line":38,"column":12},"end":{"line":38,"column":13}},"loc":{"start":{"line":38,"column":26},"end":{"line":40,"column":7}},"line":38},"9":{"name":"(anonymous_9)","decl":{"start":{"line":41,"column":13},"end":{"line":41,"column":14}},"loc":{"start":{"line":41,"column":22},"end":{"line":43,"column":7}},"line":41},"10":{"name":"(anonymous_10)","decl":{"start":{"line":45,"column":17},"end":{"line":45,"column":18}},"loc":{"start":{"line":45,"column":23},"end":{"line":55,"column":3}},"line":45},"11":{"name":"(anonymous_11)","decl":{"start":{"line":45,"column":23},"end":{"line":45,"column":24}},"loc":{"start":{"line":45,"column":52},"end":{"line":55,"column":3}},"line":45},"12":{"name":"(anonymous_12)","decl":{"start":{"line":47,"column":12},"end":{"line":47,"column":13}},"loc":{"start":{"line":47,"column":26},"end":{"line":47,"column":39}},"line":47},"13":{"name":"(anonymous_13)","decl":{"start":{"line":49,"column":12},"end":{"line":49,"column":13}},"loc":{"start":{"line":49,"column":26},"end":{"line":51,"column":7}},"line":49},"14":{"name":"(anonymous_14)","decl":{"start":{"line":52,"column":13},"end":{"line":52,"column":14}},"loc":{"start":{"line":52,"column":22},"end":{"line":54,"column":7}},"line":52},"15":{"name":"(anonymous_15)","decl":{"start":{"line":58,"column":16},"end":{"line":58,"column":17}},"loc":{"start":{"line":58,"column":50},"end":{"line":78,"column":1}},"line":58}},"branchMap":{"0":{"loc":{"start":{"line":58,"column":17},"end":{"line":58,"column":37}},"type":"default-arg","locations":[{"start":{"line":58,"column":25},"end":{"line":58,"column":37}}],"line":58},"1":{"loc":{"start":{"line":59,"column":2},"end":{"line":75,"column":3}},"type":"switch","locations":[{"start":{"line":60,"column":4},"end":{"line":61,"column":68}},{"start":{"line":63,"column":4},"end":{"line":64,"column":71}},{"start":{"line":66,"column":4},"end":{"line":67,"column":91}},{"start":{"line":69,"column":4},"end":{"line":70,"column":67}},{"start":{"line":72,"column":4},"end":{"line":73,"column":70}}],"line":59}},"s":{"0":3,"1":3,"2":3,"3":3,"4":3,"5":2,"6":2,"7":0,"8":1,"9":1,"10":3,"11":1,"12":1,"13":1,"14":1,"15":0,"16":1,"17":1,"18":1,"19":1,"20":0,"21":3,"22":5,"23":1,"24":0,"25":1,"26":1,"27":1,"28":1},"f":{"0":2,"1":2,"2":0,"3":1,"4":1,"5":1,"6":1,"7":1,"8":1,"9":0,"10":1,"11":1,"12":1,"13":1,"14":0,"15":5},"b":{"0":[1],"1":[1,0,1,1,1]},"_coverageSchema":"1a1c01bbd47fc00a2c39e90264f33305004495a9","hash":"244cc75b3f266c9ce23211e520b7da001d343447"}
,"G:\\Front\\HTMLAcademy\\JavaScript\\what-to-watch\\594215-what-to-watch-4\\src\\reducer\\films\\selectors.js": {"path":"G:\\Front\\HTMLAcademy\\JavaScript\\what-to-watch\\594215-what-to-watch-4\\src\\reducer\\films\\selectors.js","statementMap":{"0":{"start":{"line":4,"column":19},"end":{"line":4,"column":31}},"1":{"start":{"line":5,"column":25},"end":{"line":5,"column":26}},"2":{"start":{"line":7,"column":24},"end":{"line":7,"column":68}},"3":{"start":{"line":7,"column":35},"end":{"line":7,"column":68}},"4":{"start":{"line":9,"column":28},"end":{"line":9,"column":71}},"5":{"start":{"line":9,"column":39},"end":{"line":9,"column":71}},"6":{"start":{"line":11,"column":30},"end":{"line":11,"column":74}},"7":{"start":{"line":11,"column":41},"end":{"line":11,"column":74}},"8":{"start":{"line":13,"column":36},"end":{"line":13,"column":82}},"9":{"start":{"line":13,"column":47},"end":{"line":13,"column":82}},"10":{"start":{"line":15,"column":26},"end":{"line":15,"column":124}},"11":{"start":{"line":15,"column":45},"end":{"line":15,"column":124}},"12":{"start":{"line":15,"column":94},"end":{"line":15,"column":112}},"13":{"start":{"line":17,"column":35},"end":{"line":17,"column":89}},"14":{"start":{"line":17,"column":46},"end":{"line":17,"column":89}},"15":{"start":{"line":19,"column":28},"end":{"line":19,"column":74}},"16":{"start":{"line":19,"column":39},"end":{"line":19,"column":74}},"17":{"start":{"line":21,"column":29},"end":{"line":27,"column":1}},"18":{"start":{"line":24,"column":21},"end":{"line":24,"column":100}},"19":{"start":{"line":24,"column":53},"end":{"line":24,"column":63}},"20":{"start":{"line":25,"column":6},"end":{"line":25,"column":37}},"21":{"start":{"line":29,"column":33},"end":{"line":39,"column":1}},"22":{"start":{"line":33,"column":6},"end":{"line":35,"column":7}},"23":{"start":{"line":34,"column":8},"end":{"line":34,"column":69}},"24":{"start":{"line":34,"column":40},"end":{"line":34,"column":67}},"25":{"start":{"line":37,"column":6},"end":{"line":37,"column":20}}},"fnMap":{"0":{"name":"(anonymous_0)","decl":{"start":{"line":7,"column":24},"end":{"line":7,"column":25}},"loc":{"start":{"line":7,"column":35},"end":{"line":7,"column":68}},"line":7},"1":{"name":"(anonymous_1)","decl":{"start":{"line":9,"column":28},"end":{"line":9,"column":29}},"loc":{"start":{"line":9,"column":39},"end":{"line":9,"column":71}},"line":9},"2":{"name":"(anonymous_2)","decl":{"start":{"line":11,"column":30},"end":{"line":11,"column":31}},"loc":{"start":{"line":11,"column":41},"end":{"line":11,"column":74}},"line":11},"3":{"name":"(anonymous_3)","decl":{"start":{"line":13,"column":36},"end":{"line":13,"column":37}},"loc":{"start":{"line":13,"column":47},"end":{"line":13,"column":82}},"line":13},"4":{"name":"(anonymous_4)","decl":{"start":{"line":15,"column":26},"end":{"line":15,"column":27}},"loc":{"start":{"line":15,"column":45},"end":{"line":15,"column":124}},"line":15},"5":{"name":"(anonymous_5)","decl":{"start":{"line":15,"column":84},"end":{"line":15,"column":85}},"loc":{"start":{"line":15,"column":94},"end":{"line":15,"column":112}},"line":15},"6":{"name":"(anonymous_6)","decl":{"start":{"line":17,"column":35},"end":{"line":17,"column":36}},"loc":{"start":{"line":17,"column":46},"end":{"line":17,"column":89}},"line":17},"7":{"name":"(anonymous_7)","decl":{"start":{"line":19,"column":28},"end":{"line":19,"column":29}},"loc":{"start":{"line":19,"column":39},"end":{"line":19,"column":74}},"line":19},"8":{"name":"(anonymous_8)","decl":{"start":{"line":23,"column":4},"end":{"line":23,"column":5}},"loc":{"start":{"line":23,"column":15},"end":{"line":26,"column":5}},"line":23},"9":{"name":"(anonymous_9)","decl":{"start":{"line":24,"column":43},"end":{"line":24,"column":44}},"loc":{"start":{"line":24,"column":53},"end":{"line":24,"column":63}},"line":24},"10":{"name":"(anonymous_10)","decl":{"start":{"line":32,"column":4},"end":{"line":32,"column":5}},"loc":{"start":{"line":32,"column":29},"end":{"line":38,"column":5}},"line":32},"11":{"name":"(anonymous_11)","decl":{"start":{"line":34,"column":29},"end":{"line":34,"column":30}},"loc":{"start":{"line":34,"column":40},"end":{"line":34,"column":67}},"line":34}},"branchMap":{"0":{"loc":{"start":{"line":33,"column":6},"end":{"line":35,"column":7}},"type":"if","locations":[{"start":{"line":33,"column":6},"end":{"line":35,"column":7}},{"start":{"line":33,"column":6},"end":{"line":35,"column":7}}],"line":33}},"s":{"0":3,"1":3,"2":3,"3":1,"4":3,"5":0,"6":3,"7":1,"8":3,"9":1,"10":3,"11":1,"12":1,"13":3,"14":1,"15":3,"16":0,"17":3,"18":1,"19":8,"20":1,"21":3,"22":0,"23":0,"24":0,"25":0},"f":{"0":1,"1":0,"2":1,"3":1,"4":1,"5":1,"6":1,"7":0,"8":1,"9":8,"10":0,"11":0},"b":{"0":[0,0]},"_coverageSchema":"1a1c01bbd47fc00a2c39e90264f33305004495a9","hash":"81c4b9783f218542f3ef1094c443c6173b74de30"}
,"G:\\Front\\HTMLAcademy\\JavaScript\\what-to-watch\\594215-what-to-watch-4\\src\\reducer\\user\\selectors.js": {"path":"G:\\Front\\HTMLAcademy\\JavaScript\\what-to-watch\\594215-what-to-watch-4\\src\\reducer\\user\\selectors.js","statementMap":{"0":{"start":{"line":4,"column":20},"end":{"line":4,"column":65}},"1":{"start":{"line":4,"column":31},"end":{"line":4,"column":65}},"2":{"start":{"line":6,"column":15},"end":{"line":9,"column":1}},"3":{"start":{"line":8,"column":18},"end":{"line":8,"column":35}},"4":{"start":{"line":11,"column":22},"end":{"line":11,"column":65}},"5":{"start":{"line":11,"column":33},"end":{"line":11,"column":65}},"6":{"start":{"line":13,"column":28},"end":{"line":13,"column":80}},"7":{"start":{"line":13,"column":39},"end":{"line":13,"column":80}}},"fnMap":{"0":{"name":"(anonymous_0)","decl":{"start":{"line":4,"column":20},"end":{"line":4,"column":21}},"loc":{"start":{"line":4,"column":31},"end":{"line":4,"column":65}},"line":4},"1":{"name":"(anonymous_1)","decl":{"start":{"line":8,"column":4},"end":{"line":8,"column":5}},"loc":{"start":{"line":8,"column":18},"end":{"line":8,"column":35}},"line":8},"2":{"name":"(anonymous_2)","decl":{"start":{"line":11,"column":22},"end":{"line":11,"column":23}},"loc":{"start":{"line":11,"column":33},"end":{"line":11,"column":65}},"line":11},"3":{"name":"(anonymous_3)","decl":{"start":{"line":13,"column":28},"end":{"line":13,"column":29}},"loc":{"start":{"line":13,"column":39},"end":{"line":13,"column":80}},"line":13}},"branchMap":{},"s":{"0":5,"1":3,"2":5,"3":2,"4":5,"5":0,"6":5,"7":0},"f":{"0":3,"1":2,"2":0,"3":0},"b":{},"_coverageSchema":"1a1c01bbd47fc00a2c39e90264f33305004495a9","hash":"60f97bbcba2334d38ce2b76ff3457ea3499fa803"}
,"G:\\Front\\HTMLAcademy\\JavaScript\\what-to-watch\\594215-what-to-watch-4\\src\\reducer\\user\\user.js": {"path":"G:\\Front\\HTMLAcademy\\JavaScript\\what-to-watch\\594215-what-to-watch-4\\src\\reducer\\user\\user.js","statementMap":{"0":{"start":{"line":5,"column":21},"end":{"line":10,"column":1}},"1":{"start":{"line":12,"column":19},"end":{"line":19,"column":1}},"2":{"start":{"line":21,"column":22},"end":{"line":28,"column":1}},"3":{"start":{"line":22,"column":30},"end":{"line":22,"column":81}},"4":{"start":{"line":23,"column":38},"end":{"line":23,"column":98}},"5":{"start":{"line":24,"column":31},"end":{"line":24,"column":84}},"6":{"start":{"line":25,"column":30},"end":{"line":25,"column":72}},"7":{"start":{"line":26,"column":35},"end":{"line":26,"column":80}},"8":{"start":{"line":27,"column":54},"end":{"line":27,"column":132}},"9":{"start":{"line":30,"column":16},"end":{"line":55,"column":1}},"10":{"start":{"line":31,"column":2},"end":{"line":52,"column":3}},"11":{"start":{"line":33,"column":6},"end":{"line":33,"column":77}},"12":{"start":{"line":36,"column":6},"end":{"line":36,"column":70}},"13":{"start":{"line":39,"column":6},"end":{"line":39,"column":68}},"14":{"start":{"line":42,"column":6},"end":{"line":42,"column":77}},"15":{"start":{"line":45,"column":6},"end":{"line":45,"column":93}},"16":{"start":{"line":48,"column":20},"end":{"line":48,"column":87}},"17":{"start":{"line":48,"column":57},"end":{"line":48,"column":86}},"18":{"start":{"line":49,"column":6},"end":{"line":49,"column":40}},"19":{"start":{"line":51,"column":6},"end":{"line":51,"column":70}},"20":{"start":{"line":54,"column":2},"end":{"line":54,"column":15}},"21":{"start":{"line":57,"column":18},"end":{"line":123,"column":1}},"22":{"start":{"line":58,"column":19},"end":{"line":72,"column":3}},"23":{"start":{"line":59,"column":4},"end":{"line":71,"column":9}},"24":{"start":{"line":61,"column":8},"end":{"line":63,"column":9}},"25":{"start":{"line":62,"column":10},"end":{"line":62,"column":17}},"26":{"start":{"line":64,"column":25},"end":{"line":64,"column":45}},"27":{"start":{"line":66,"column":8},"end":{"line":66,"column":58}},"28":{"start":{"line":67,"column":8},"end":{"line":67,"column":52}},"29":{"start":{"line":70,"column":8},"end":{"line":70,"column":18}},"30":{"start":{"line":73,"column":23},"end":{"line":92,"column":3}},"31":{"start":{"line":74,"column":4},"end":{"line":91,"column":9}},"32":{"start":{"line":79,"column":8},"end":{"line":81,"column":9}},"33":{"start":{"line":80,"column":10},"end":{"line":80,"column":17}},"34":{"start":{"line":83,"column":25},"end":{"line":83,"column":45}},"35":{"start":{"line":85,"column":8},"end":{"line":85,"column":58}},"36":{"start":{"line":86,"column":8},"end":{"line":86,"column":52}},"37":{"start":{"line":87,"column":8},"end":{"line":87,"column":26}},"38":{"start":{"line":90,"column":8},"end":{"line":90,"column":18}},"39":{"start":{"line":94,"column":27},"end":{"line":106,"column":3}},"40":{"start":{"line":95,"column":4},"end":{"line":95,"column":59}},"41":{"start":{"line":96,"column":4},"end":{"line":105,"column":9}},"42":{"start":{"line":97,"column":26},"end":{"line":97,"column":39}},"43":{"start":{"line":100,"column":8},"end":{"line":100,"column":58}},"44":{"start":{"line":101,"column":8},"end":{"line":101,"column":64}},"45":{"start":{"line":104,"column":8},"end":{"line":104,"column":18}},"46":{"start":{"line":108,"column":28},"end":{"line":122,"column":3}},"47":{"start":{"line":109,"column":19},"end":{"line":109,"column":44}},"48":{"start":{"line":110,"column":4},"end":{"line":121,"column":9}},"49":{"start":{"line":112,"column":8},"end":{"line":112,"column":43}},"50":{"start":{"line":113,"column":8},"end":{"line":117,"column":9}},"51":{"start":{"line":114,"column":10},"end":{"line":114,"column":56}},"52":{"start":{"line":116,"column":10},"end":{"line":116,"column":61}},"53":{"start":{"line":120,"column":8},"end":{"line":120,"column":18}}},"fnMap":{"0":{"name":"(anonymous_0)","decl":{"start":{"line":22,"column":17},"end":{"line":22,"column":18}},"loc":{"start":{"line":22,"column":30},"end":{"line":22,"column":81}},"line":22},"1":{"name":"(anonymous_1)","decl":{"start":{"line":23,"column":19},"end":{"line":23,"column":20}},"loc":{"start":{"line":23,"column":38},"end":{"line":23,"column":98}},"line":23},"2":{"name":"(anonymous_2)","decl":{"start":{"line":24,"column":19},"end":{"line":24,"column":20}},"loc":{"start":{"line":24,"column":31},"end":{"line":24,"column":84}},"line":24},"3":{"name":"(anonymous_3)","decl":{"start":{"line":25,"column":19},"end":{"line":25,"column":20}},"loc":{"start":{"line":25,"column":30},"end":{"line":25,"column":72}},"line":25},"4":{"name":"(anonymous_4)","decl":{"start":{"line":26,"column":24},"end":{"line":26,"column":25}},"loc":{"start":{"line":26,"column":35},"end":{"line":26,"column":80}},"line":26},"5":{"name":"(anonymous_5)","decl":{"start":{"line":27,"column":28},"end":{"line":27,"column":29}},"loc":{"start":{"line":27,"column":54},"end":{"line":27,"column":132}},"line":27},"6":{"name":"(anonymous_6)","decl":{"start":{"line":30,"column":16},"end":{"line":30,"column":17}},"loc":{"start":{"line":30,"column":50},"end":{"line":55,"column":1}},"line":30},"7":{"name":"(anonymous_7)","decl":{"start":{"line":48,"column":47},"end":{"line":48,"column":48}},"loc":{"start":{"line":48,"column":57},"end":{"line":48,"column":86}},"line":48},"8":{"name":"(anonymous_8)","decl":{"start":{"line":58,"column":13},"end":{"line":58,"column":14}},"loc":{"start":{"line":58,"column":19},"end":{"line":72,"column":3}},"line":58},"9":{"name":"(anonymous_9)","decl":{"start":{"line":58,"column":19},"end":{"line":58,"column":20}},"loc":{"start":{"line":58,"column":48},"end":{"line":72,"column":3}},"line":58},"10":{"name":"(anonymous_10)","decl":{"start":{"line":60,"column":12},"end":{"line":60,"column":13}},"loc":{"start":{"line":60,"column":24},"end":{"line":68,"column":7}},"line":60},"11":{"name":"(anonymous_11)","decl":{"start":{"line":69,"column":13},"end":{"line":69,"column":14}},"loc":{"start":{"line":69,"column":22},"end":{"line":71,"column":7}},"line":69},"12":{"name":"(anonymous_12)","decl":{"start":{"line":73,"column":9},"end":{"line":73,"column":10}},"loc":{"start":{"line":73,"column":23},"end":{"line":92,"column":3}},"line":73},"13":{"name":"(anonymous_13)","decl":{"start":{"line":73,"column":23},"end":{"line":73,"column":24}},"loc":{"start":{"line":73,"column":52},"end":{"line":92,"column":3}},"line":73},"14":{"name":"(anonymous_14)","decl":{"start":{"line":78,"column":12},"end":{"line":78,"column":13}},"loc":{"start":{"line":78,"column":24},"end":{"line":88,"column":7}},"line":78},"15":{"name":"(anonymous_15)","decl":{"start":{"line":89,"column":13},"end":{"line":89,"column":14}},"loc":{"start":{"line":89,"column":22},"end":{"line":91,"column":7}},"line":89},"16":{"name":"(anonymous_16)","decl":{"start":{"line":94,"column":21},"end":{"line":94,"column":22}},"loc":{"start":{"line":94,"column":27},"end":{"line":106,"column":3}},"line":94},"17":{"name":"(anonymous_17)","decl":{"start":{"line":94,"column":27},"end":{"line":94,"column":28}},"loc":{"start":{"line":94,"column":56},"end":{"line":106,"column":3}},"line":94},"18":{"name":"(anonymous_18)","decl":{"start":{"line":97,"column":12},"end":{"line":97,"column":13}},"loc":{"start":{"line":97,"column":26},"end":{"line":97,"column":39}},"line":97},"19":{"name":"(anonymous_19)","decl":{"start":{"line":99,"column":12},"end":{"line":99,"column":13}},"loc":{"start":{"line":99,"column":26},"end":{"line":102,"column":7}},"line":99},"20":{"name":"(anonymous_20)","decl":{"start":{"line":103,"column":13},"end":{"line":103,"column":14}},"loc":{"start":{"line":103,"column":22},"end":{"line":105,"column":7}},"line":103},"21":{"name":"(anonymous_21)","decl":{"start":{"line":108,"column":18},"end":{"line":108,"column":19}},"loc":{"start":{"line":108,"column":28},"end":{"line":122,"column":3}},"line":108},"22":{"name":"(anonymous_22)","decl":{"start":{"line":108,"column":28},"end":{"line":108,"column":29}},"loc":{"start":{"line":108,"column":57},"end":{"line":122,"column":3}},"line":108},"23":{"name":"(anonymous_23)","decl":{"start":{"line":111,"column":12},"end":{"line":111,"column":13}},"loc":{"start":{"line":111,"column":18},"end":{"line":118,"column":7}},"line":111},"24":{"name":"(anonymous_24)","decl":{"start":{"line":119,"column":13},"end":{"line":119,"column":14}},"loc":{"start":{"line":119,"column":22},"end":{"line":121,"column":7}},"line":119}},"branchMap":{"0":{"loc":{"start":{"line":30,"column":17},"end":{"line":30,"column":37}},"type":"default-arg","locations":[{"start":{"line":30,"column":25},"end":{"line":30,"column":37}}],"line":30},"1":{"loc":{"start":{"line":31,"column":2},"end":{"line":52,"column":3}},"type":"switch","locations":[{"start":{"line":32,"column":4},"end":{"line":33,"column":77}},{"start":{"line":35,"column":4},"end":{"line":36,"column":70}},{"start":{"line":38,"column":4},"end":{"line":39,"column":68}},{"start":{"line":41,"column":4},"end":{"line":42,"column":77}},{"start":{"line":44,"column":4},"end":{"line":45,"column":93}},{"start":{"line":47,"column":4},"end":{"line":51,"column":70}}],"line":31},"2":{"loc":{"start":{"line":61,"column":8},"end":{"line":63,"column":9}},"type":"if","locations":[{"start":{"line":61,"column":8},"end":{"line":63,"column":9}},{"start":{"line":61,"column":8},"end":{"line":63,"column":9}}],"line":61},"3":{"loc":{"start":{"line":79,"column":8},"end":{"line":81,"column":9}},"type":"if","locations":[{"start":{"line":79,"column":8},"end":{"line":81,"column":9}},{"start":{"line":79,"column":8},"end":{"line":81,"column":9}}],"line":79},"4":{"loc":{"start":{"line":109,"column":19},"end":{"line":109,"column":44}},"type":"cond-expr","locations":[{"start":{"line":109,"column":39},"end":{"line":109,"column":40}},{"start":{"line":109,"column":43},"end":{"line":109,"column":44}}],"line":109},"5":{"loc":{"start":{"line":113,"column":8},"end":{"line":117,"column":9}},"type":"if","locations":[{"start":{"line":113,"column":8},"end":{"line":117,"column":9}},{"start":{"line":113,"column":8},"end":{"line":117,"column":9}}],"line":113}},"s":{"0":5,"1":5,"2":5,"3":2,"4":2,"5":2,"6":2,"7":1,"8":3,"9":5,"10":7,"11":1,"12":1,"13":1,"14":1,"15":1,"16":1,"17":1,"18":1,"19":1,"20":1,"21":5,"22":1,"23":1,"24":1,"25":0,"26":1,"27":1,"28":1,"29":0,"30":0,"31":0,"32":0,"33":0,"34":0,"35":0,"36":0,"37":0,"38":0,"39":1,"40":1,"41":1,"42":1,"43":1,"44":1,"45":0,"46":1,"47":1,"48":1,"49":1,"50":1,"51":1,"52":0,"53":0},"f":{"0":2,"1":2,"2":2,"3":2,"4":1,"5":3,"6":7,"7":1,"8":1,"9":1,"10":1,"11":0,"12":0,"13":0,"14":0,"15":0,"16":1,"17":1,"18":1,"19":1,"20":0,"21":1,"22":1,"23":1,"24":0},"b":{"0":[1],"1":[1,1,1,1,1,1],"2":[0,1],"3":[0,0],"4":[0,1],"5":[1,0]},"_coverageSchema":"1a1c01bbd47fc00a2c39e90264f33305004495a9","hash":"bae1b5e485191aa51c6019330ae9ce922ad454ff"}
}
