TN:
SF:src\api.js
FN:14,(anonymous_0)
FN:21,(anonymous_1)
FN:25,(anonymous_2)
FNF:3
FNH:2
FNDA:3,(anonymous_0)
FNDA:7,(anonymous_1)
FNDA:0,(anonymous_2)
DA:4,3
DA:5,3
DA:8,3
DA:14,3
DA:15,3
DA:21,3
DA:22,7
DA:25,3
DA:26,0
DA:28,0
DA:29,0
DA:31,0
DA:32,0
DA:35,0
DA:38,0
DA:39,0
DA:40,0
DA:43,0
DA:46,3
DA:48,3
LF:20
LH:10
BRDA:28,0,0,0
BRDA:28,0,1,0
BRDA:31,1,0,0
BRDA:31,1,1,0
BRDA:38,2,0,0
BRDA:38,2,1,0
BRF:6
BRH:0
end_of_record
TN:
SF:src\history.js
FNF:0
FNH:0
DA:3,8
LF:1
LH:1
BRF:0
BRH:0
end_of_record
TN:
SF:src\components\add-review\add-review.jsx
FN:25,(anonymous_0)
FN:31,(anonymous_1)
FN:36,(anonymous_2)
FN:52,(anonymous_3)
FN:62,(anonymous_4)
FN:66,(anonymous_5)
FN:72,(anonymous_6)
FN:80,(anonymous_7)
FN:123,(anonymous_8)
FN:167,(anonymous_9)
FN:168,(anonymous_10)
FNF:11
FNH:2
FNDA:1,(anonymous_0)
FNDA:0,(anonymous_1)
FNDA:0,(anonymous_2)
FNDA:0,(anonymous_3)
FNDA:0,(anonymous_4)
FNDA:0,(anonymous_5)
FNDA:0,(anonymous_6)
FNDA:0,(anonymous_7)
FNDA:5,(anonymous_8)
FNDA:0,(anonymous_9)
FNDA:0,(anonymous_10)
DA:9,2
DA:10,2
DA:20,2
DA:25,2
DA:26,1
DA:28,1
DA:29,1
DA:31,1
DA:32,0
DA:33,0
DA:36,1
DA:37,0
DA:38,0
DA:40,0
DA:41,0
DA:44,0
DA:45,0
DA:48,0
DA:49,0
DA:52,1
DA:53,0
DA:54,0
DA:56,0
DA:63,0
DA:64,0
DA:67,0
DA:72,1
DA:73,0
DA:75,0
DA:76,0
DA:77,0
DA:78,0
DA:80,0
DA:83,1
DA:124,5
DA:145,2
DA:167,2
DA:169,0
LF:38
LH:15
BRDA:40,0,0,0
BRDA:40,0,1,0
BRDA:44,1,0,0
BRDA:44,1,1,0
BRDA:135,2,0,1
BRDA:135,2,1,1
BRF:6
BRH:2
end_of_record
TN:
SF:src\components\app\app.jsx
FN:27,(anonymous_0)
FN:34,(anonymous_1)
FN:40,(anonymous_2)
FN:47,(anonymous_3)
FN:50,(anonymous_4)
FN:56,(anonymous_5)
FN:62,(anonymous_6)
FN:111,(anonymous_7)
FN:118,(anonymous_8)
FN:119,(anonymous_9)
FN:122,(anonymous_10)
FNF:11
FNH:2
FNDA:1,(anonymous_0)
FNDA:1,(anonymous_1)
FNDA:0,(anonymous_2)
FNDA:0,(anonymous_3)
FNDA:0,(anonymous_4)
FNDA:0,(anonymous_5)
FNDA:0,(anonymous_6)
FNDA:0,(anonymous_7)
FNDA:0,(anonymous_8)
FNDA:0,(anonymous_9)
FNDA:0,(anonymous_10)
DA:23,1
DA:24,1
DA:25,1
DA:27,1
DA:28,1
DA:30,1
DA:34,1
DA:41,0
DA:47,0
DA:51,0
DA:57,0
DA:63,0
DA:72,1
DA:111,1
DA:118,1
DA:120,0
DA:123,0
LF:17
LH:10
BRDA:34,0,0,0
BRDA:34,0,1,1
BRDA:41,1,0,0
BRDA:41,1,1,0
BRDA:47,2,0,0
BRDA:47,2,1,0
BRDA:51,3,0,0
BRDA:51,3,1,0
BRDA:53,4,0,0
BRDA:53,4,1,0
BRF:10
BRH:1
end_of_record
TN:
SF:src\components\full-video-player\full-video-player.jsx
FN:4,(anonymous_0)
FNF:1
FNH:1
FNDA:1,(anonymous_0)
DA:4,2
DA:5,1
DA:6,1
DA:54,2
LF:4
LH:4
BRDA:24,0,0,0
BRDA:24,0,1,1
BRF:2
BRH:1
end_of_record
TN:
SF:src\components\genres-list\genres-list.jsx
FN:4,(anonymous_0)
FN:9,(anonymous_1)
FN:16,(anonymous_2)
FNF:3
FNH:3
FNDA:4,(anonymous_0)
FNDA:8,(anonymous_1)
FNDA:1,(anonymous_2)
DA:4,4
DA:5,4
DA:7,4
DA:10,8
DA:17,1
DA:18,1
DA:19,1
DA:29,4
LF:8
LH:8
BRDA:12,0,0,4
BRDA:12,0,1,4
BRDA:18,1,0,1
BRDA:18,1,1,0
BRF:4
BRH:3
end_of_record
TN:
SF:src\components\main\main.jsx
FN:18,(anonymous_0)
FN:22,(anonymous_1)
FN:60,(anonymous_2)
FN:151,(anonymous_3)
FN:160,(anonymous_4)
FN:161,(anonymous_5)
FN:164,(anonymous_6)
FN:167,(anonymous_7)
FNF:8
FNH:3
FNDA:2,(anonymous_0)
FNDA:0,(anonymous_1)
FNDA:0,(anonymous_2)
FNDA:1,(anonymous_3)
FNDA:1,(anonymous_4)
FNDA:0,(anonymous_5)
FNDA:0,(anonymous_6)
FNDA:0,(anonymous_7)
DA:16,2
DA:18,2
DA:19,2
DA:20,2
DA:22,2
DA:23,0
DA:26,2
DA:60,0
DA:108,2
DA:151,2
DA:152,1
DA:160,2
DA:162,0
DA:165,0
DA:168,0
LF:15
LH:10
BRDA:67,0,0,0
BRDA:67,0,1,2
BRDA:88,1,0,2
BRDA:88,1,1,0
BRF:4
BRH:2
end_of_record
TN:
SF:src\components\movie-page\movie-page.jsx
FN:18,(anonymous_0)
FN:22,(anonymous_1)
FN:56,(anonymous_2)
FN:171,(anonymous_3)
FN:182,(anonymous_4)
FN:183,(anonymous_5)
FNF:6
FNH:3
FNDA:1,(anonymous_0)
FNDA:0,(anonymous_1)
FNDA:0,(anonymous_2)
FNDA:1,(anonymous_3)
FNDA:1,(anonymous_4)
FNDA:0,(anonymous_5)
DA:16,2
DA:18,2
DA:19,1
DA:20,1
DA:22,1
DA:23,0
DA:26,1
DA:56,0
DA:119,2
DA:171,2
DA:172,1
DA:174,1
DA:182,2
DA:184,0
LF:14
LH:11
BRDA:63,0,0,0
BRDA:63,0,1,1
BRDA:73,1,0,1
BRDA:73,1,1,0
BRDA:87,2,0,0
BRDA:87,2,1,1
BRDA:90,3,0,0
BRDA:90,3,1,1
BRF:8
BRH:4
end_of_record
TN:
SF:src\components\movie-page-details\movie-page-details.jsx
FN:4,(anonymous_0)
FN:20,(anonymous_1)
FNF:2
FNH:2
FNDA:1,(anonymous_0)
FNDA:4,(anonymous_1)
DA:4,4
DA:5,1
DA:6,1
DA:8,1
DA:20,4
DA:44,4
LF:6
LH:6
BRF:0
BRH:0
end_of_record
TN:
SF:src\components\movie-page-overview\movie-page-overview.jsx
FN:5,(anonymous_0)
FN:22,(anonymous_1)
FNF:2
FNH:2
FNDA:3,(anonymous_0)
FNDA:12,(anonymous_1)
DA:5,4
DA:6,3
DA:7,3
DA:9,3
DA:22,12
DA:28,4
LF:6
LH:6
BRF:0
BRH:0
end_of_record
TN:
SF:src\components\movie-page-reviews\movie-page-reviews.jsx
FN:8,(anonymous_0)
FN:15,(anonymous_1)
FN:25,(anonymous_2)
FN:77,(anonymous_3)
FN:78,(anonymous_4)
FNF:5
FNH:3
FNDA:1,(anonymous_0)
FNDA:1,(anonymous_1)
FNDA:2,(anonymous_2)
FNDA:0,(anonymous_3)
FNDA:0,(anonymous_4)
DA:9,1
DA:10,1
DA:11,0
DA:16,1
DA:17,1
DA:18,0
DA:21,1
DA:26,2
DA:46,4
DA:77,4
DA:79,0
LF:11
LH:8
BRDA:10,0,0,0
BRDA:10,0,1,1
BRDA:17,1,0,0
BRDA:17,1,1,1
BRDA:17,2,0,1
BRDA:17,2,1,1
BRDA:21,3,0,0
BRDA:21,3,1,1
BRDA:25,4,0,1
BRDA:25,4,1,1
BRF:10
BRH:7
end_of_record
TN:
SF:src\components\movies-list\movies-list.jsx
FN:7,(anonymous_0)
FN:17,(anonymous_1)
FN:26,(anonymous_2)
FN:29,(anonymous_3)
FN:34,(anonymous_4)
FN:42,(anonymous_5)
FN:47,(anonymous_6)
FNF:7
FNH:3
FNDA:5,(anonymous_0)
FNDA:0,(anonymous_1)
FNDA:0,(anonymous_2)
FNDA:0,(anonymous_3)
FNDA:0,(anonymous_4)
FNDA:5,(anonymous_5)
FNDA:36,(anonymous_6)
DA:8,5
DA:10,5
DA:11,5
DA:12,5
DA:14,5
DA:18,0
DA:20,0
DA:21,0
DA:23,0
DA:27,0
DA:29,0
DA:30,0
DA:35,0
DA:36,0
DA:37,0
DA:39,0
DA:43,5
DA:45,5
DA:48,36
DA:62,5
LF:20
LH:9
BRDA:20,0,0,0
BRDA:20,0,1,0
BRDA:36,1,0,0
BRDA:36,1,1,0
BRF:4
BRH:0
end_of_record
TN:
SF:src\components\my-list\my-list.jsx
FN:15,(anonymous_0)
FN:20,(anonymous_1)
FN:87,(anonymous_2)
FN:92,(anonymous_3)
FN:93,(anonymous_4)
FNF:5
FNH:2
FNDA:1,(anonymous_0)
FNDA:1,(anonymous_1)
FNDA:0,(anonymous_2)
FNDA:0,(anonymous_3)
FNDA:0,(anonymous_4)
DA:12,2
DA:16,1
DA:17,1
DA:21,1
DA:23,1
DA:65,2
DA:87,2
DA:92,2
DA:94,0
LF:9
LH:8
BRDA:41,0,0,0
BRDA:41,0,1,1
BRF:2
BRH:1
end_of_record
TN:
SF:src\components\preloader\preloader.js
FN:3,(anonymous_0)
FNF:1
FNH:1
FNDA:1,(anonymous_0)
DA:3,3
DA:5,1
LF:2
LH:2
BRF:0
BRH:0
end_of_record
TN:
SF:src\components\private-route\private-route.jsx
FN:7,(anonymous_0)
FN:13,(anonymous_1)
FN:30,(anonymous_2)
FNF:3
FNH:0
FNDA:0,(anonymous_0)
FNDA:0,(anonymous_1)
FNDA:0,(anonymous_2)
DA:7,1
DA:8,0
DA:9,0
DA:14,0
DA:23,1
DA:30,1
LF:6
LH:3
BRDA:14,0,0,0
BRDA:14,0,1,0
BRF:2
BRH:0
end_of_record
TN:
SF:src\components\show-more\show-more.jsx
FN:4,(anonymous_0)
FNF:1
FNH:1
FNDA:2,(anonymous_0)
DA:4,4
DA:5,2
DA:7,2
DA:14,4
LF:4
LH:4
BRF:0
BRH:0
end_of_record
TN:
SF:src\components\sign-in\sign-in.jsx
FN:10,(anonymous_0)
FN:13,(anonymous_1)
FNF:2
FNH:2
FNDA:2,(anonymous_0)
FNDA:1,(anonymous_1)
DA:5,3
DA:10,3
DA:11,2
DA:13,2
DA:14,1
DA:15,1
DA:17,1
DA:23,2
DA:72,3
LF:9
LH:9
BRF:0
BRH:0
end_of_record
TN:
SF:src\components\small-movie-card\small-movie-card.jsx
FN:6,(anonymous_0)
FN:12,(anonymous_1)
FN:16,(anonymous_2)
FN:17,(anonymous_3)
FNF:4
FNH:4
FNDA:38,(anonymous_0)
FNDA:1,(anonymous_1)
FNDA:1,(anonymous_2)
FNDA:1,(anonymous_3)
DA:6,7
DA:7,38
DA:8,38
DA:10,38
DA:13,1
DA:14,1
DA:16,1
DA:17,1
DA:35,7
LF:9
LH:9
BRF:0
BRH:0
end_of_record
TN:
SF:src\components\tab\tab.jsx
FN:7,(anonymous_0)
FNF:1
FNH:1
FNDA:2,(anonymous_0)
DA:7,3
DA:8,2
DA:9,2
DA:10,2
DA:12,2
DA:21,3
LF:6
LH:6
BRF:0
BRH:0
end_of_record
TN:
SF:src\components\tabs\tabs.jsx
FN:6,(anonymous_0)
FN:11,(anonymous_1)
FN:18,(anonymous_2)
FNF:3
FNH:3
FNDA:3,(anonymous_0)
FNDA:9,(anonymous_1)
FNDA:1,(anonymous_2)
DA:4,4
DA:6,4
DA:7,3
DA:9,3
DA:12,9
DA:19,1
DA:20,1
DA:21,1
DA:31,4
LF:9
LH:9
BRDA:14,0,0,3
BRDA:14,0,1,6
BRDA:20,1,0,1
BRDA:20,1,1,0
BRF:4
BRH:3
end_of_record
TN:
SF:src\components\user-block\user-block.jsx
FN:9,(anonymous_0)
FN:35,(anonymous_1)
FNF:2
FNH:2
FNDA:2,(anonymous_0)
FNDA:1,(anonymous_1)
DA:7,2
DA:9,2
DA:10,2
DA:12,2
DA:25,2
DA:35,2
LF:6
LH:6
BRDA:14,0,0,1
BRDA:14,0,1,1
BRF:2
BRH:2
end_of_record
TN:
SF:src\components\video-player\video-player.jsx
FN:5,(anonymous_0)
FN:11,(anonymous_1)
FN:20,(anonymous_2)
FN:26,(anonymous_3)
FN:39,(anonymous_4)
FNF:5
FNH:3
FNDA:40,(anonymous_0)
FNDA:40,(anonymous_1)
FNDA:0,(anonymous_2)
FNDA:0,(anonymous_3)
FNDA:40,(anonymous_4)
DA:6,40
DA:8,40
DA:12,40
DA:13,40
DA:15,40
DA:16,40
DA:17,40
DA:21,0
DA:23,0
DA:27,0
DA:28,0
DA:30,0
DA:31,0
DA:33,0
DA:34,0
DA:35,0
DA:40,40
DA:49,9
LF:18
LH:9
BRDA:30,0,0,0
BRDA:30,0,1,0
BRF:2
BRH:0
end_of_record
TN:
SF:src\helpers\const.js
FNF:0
FNH:0
DA:1,8
DA:3,8
DA:5,8
LF:3
LH:3
BRF:0
BRH:0
end_of_record
TN:
SF:src\helpers\test-data.js
FNF:0
FNH:0
DA:1,14
DA:132,14
DA:166,14
LF:3
LH:3
BRF:0
BRH:0
end_of_record
TN:
SF:src\helpers\utils.js
FN:5,(anonymous_0)
FN:23,(anonymous_1)
FN:36,(anonymous_2)
FN:39,(anonymous_3)
FN:42,(anonymous_4)
FN:42,(anonymous_5)
FNF:6
FNH:1
FNDA:3,(anonymous_0)
FNDA:0,(anonymous_1)
FNDA:0,(anonymous_2)
FNDA:0,(anonymous_3)
FNDA:0,(anonymous_4)
FNDA:0,(anonymous_5)
DA:3,5
DA:5,5
DA:6,3
DA:8,0
DA:10,0
DA:12,0
DA:14,0
DA:16,3
DA:18,0
DA:20,0
DA:23,5
DA:24,0
DA:25,0
DA:26,0
DA:27,0
DA:29,0
DA:30,0
DA:31,0
DA:33,0
DA:36,5
DA:37,0
DA:39,0
DA:42,5
LF:23
LH:7
BRDA:6,0,0,0
BRDA:6,0,1,0
BRDA:6,0,2,0
BRDA:6,0,3,0
BRDA:6,0,4,3
BRDA:6,0,5,0
BRDA:29,1,0,0
BRDA:29,1,1,0
BRDA:30,2,0,0
BRDA:30,2,1,0
BRDA:31,3,0,0
BRDA:31,3,1,0
BRDA:42,4,0,0
BRDA:42,4,1,0
BRF:14
BRH:1
end_of_record
TN:
SF:src\hocs\with-active-item\with-active-item.js
FN:3,(anonymous_0)
FN:5,(anonymous_1)
FN:15,(anonymous_2)
FN:19,(anonymous_3)
FNF:4
FNH:4
FNDA:9,(anonymous_0)
FNDA:6,(anonymous_1)
FNDA:1,(anonymous_2)
FNDA:7,(anonymous_3)
DA:3,6
DA:6,6
DA:8,6
DA:12,6
DA:16,1
DA:20,7
DA:22,7
DA:31,9
DA:33,9
LF:9
LH:9
BRF:0
BRH:0
end_of_record
TN:
SF:src\hocs\with-full-player\with-full-player.js
FN:6,(anonymous_0)
FN:8,(anonymous_1)
FN:27,(anonymous_2)
FN:39,(anonymous_3)
FN:45,(anonymous_4)
FN:49,(anonymous_5)
FN:53,(anonymous_6)
FN:59,(anonymous_7)
FN:66,(anonymous_8)
FNF:9
FNH:3
FNDA:2,(anonymous_0)
FNDA:1,(anonymous_1)
FNDA:0,(anonymous_2)
FNDA:0,(anonymous_3)
FNDA:0,(anonymous_4)
FNDA:0,(anonymous_5)
FNDA:0,(anonymous_6)
FNDA:0,(anonymous_7)
FNDA:1,(anonymous_8)
DA:6,2
DA:9,1
DA:11,1
DA:13,1
DA:19,1
DA:20,1
DA:21,1
DA:22,1
DA:23,1
DA:24,1
DA:28,0
DA:30,0
DA:31,0
DA:32,0
DA:34,0
DA:35,0
DA:40,0
DA:42,0
DA:46,0
DA:50,0
DA:54,0
DA:60,0
DA:67,1
DA:69,1
DA:70,1
DA:72,1
DA:97,2
DA:119,2
LF:28
LH:16
BRDA:30,0,0,0
BRDA:30,0,1,0
BRF:2
BRH:0
end_of_record
TN:
SF:src\hocs\with-is-valid\with-is-valid.js
FN:3,(anonymous_0)
FN:5,(anonymous_1)
FN:15,(anonymous_2)
FN:19,(anonymous_3)
FNF:4
FNH:3
FNDA:2,(anonymous_0)
FNDA:1,(anonymous_1)
FNDA:0,(anonymous_2)
FNDA:1,(anonymous_3)
DA:3,2
DA:6,1
DA:8,1
DA:12,1
DA:16,0
DA:20,1
DA:22,1
DA:33,2
DA:35,2
LF:9
LH:8
BRF:0
BRH:0
end_of_record
TN:
SF:src\models\comment.js
FN:2,(anonymous_0)
FN:13,(anonymous_1)
FN:17,(anonymous_2)
FNF:3
FNH:1
FNDA:0,(anonymous_0)
FNDA:0,(anonymous_1)
FNDA:2,(anonymous_2)
DA:3,0
DA:4,0
DA:8,0
DA:9,0
DA:10,0
DA:14,0
DA:18,2
LF:7
LH:1
BRDA:3,0,0,0
BRDA:3,0,1,0
BRDA:5,1,0,0
BRDA:5,1,1,0
BRDA:6,2,0,0
BRDA:6,2,1,0
BRDA:8,3,0,0
BRDA:8,3,1,0
BRDA:9,4,0,0
BRDA:9,4,1,0
BRDA:10,5,0,0
BRDA:10,5,1,0
BRF:12
BRH:0
end_of_record
TN:
SF:src\models\film.js
FN:2,(anonymous_0)
FN:22,(anonymous_1)
FN:26,(anonymous_2)
FNF:3
FNH:2
FNDA:0,(anonymous_0)
FNDA:1,(anonymous_1)
FNDA:2,(anonymous_2)
DA:3,0
DA:4,0
DA:5,0
DA:6,0
DA:7,0
DA:8,0
DA:9,0
DA:10,0
DA:11,0
DA:12,0
DA:13,0
DA:14,0
DA:15,0
DA:16,0
DA:17,0
DA:18,0
DA:19,0
DA:23,1
DA:27,2
LF:19
LH:2
BRDA:3,0,0,0
BRDA:3,0,1,0
BRDA:4,1,0,0
BRDA:4,1,1,0
BRDA:5,2,0,0
BRDA:5,2,1,0
BRDA:6,3,0,0
BRDA:6,3,1,0
BRDA:7,4,0,0
BRDA:7,4,1,0
BRDA:8,5,0,0
BRDA:8,5,1,0
BRDA:9,6,0,0
BRDA:9,6,1,0
BRDA:10,7,0,0
BRDA:10,7,1,0
BRDA:11,8,0,0
BRDA:11,8,1,0
BRDA:12,9,0,0
BRDA:12,9,1,0
BRDA:13,10,0,0
BRDA:13,10,1,0
BRDA:14,11,0,0
BRDA:14,11,1,0
BRDA:15,12,0,0
BRDA:15,12,1,0
BRDA:16,13,0,0
BRDA:16,13,1,0
BRDA:17,14,0,0
BRDA:17,14,1,0
BRDA:18,15,0,0
BRDA:18,15,1,0
BRDA:23,16,0,0
BRDA:23,16,1,1
BRF:34
BRH:1
end_of_record
TN:
SF:src\models\user.js
FN:2,(anonymous_0)
FN:9,(anonymous_1)
FNF:2
FNH:2
FNDA:1,(anonymous_0)
FNDA:1,(anonymous_1)
DA:3,1
DA:4,1
DA:5,1
DA:6,1
DA:10,1
LF:5
LH:5
BRDA:3,0,0,1
BRDA:3,0,1,0
BRDA:4,1,0,1
BRDA:4,1,1,0
BRDA:5,2,0,1
BRDA:5,2,1,0
BRDA:6,3,0,1
BRDA:6,3,1,0
BRF:8
BRH:4
end_of_record
TN:
SF:src\reducer\name-space.js
FNF:0
FNH:0
DA:1,6
LF:1
LH:1
BRF:0
BRH:0
end_of_record
TN:
SF:src\reducer\comments\comments.js
FN:14,(anonymous_0)
FN:15,(anonymous_1)
FN:18,(anonymous_2)
FN:31,(anonymous_3)
FN:31,(anonymous_4)
FN:33,(anonymous_5)
FN:35,(anonymous_6)
FN:39,(anonymous_7)
FN:43,(anonymous_8)
FN:43,(anonymous_9)
FN:50,(anonymous_10)
FN:52,(anonymous_11)
FN:56,(anonymous_12)
FNF:13
FNH:11
FNDA:3,(anonymous_0)
FNDA:2,(anonymous_1)
FNDA:3,(anonymous_2)
FNDA:1,(anonymous_3)
FNDA:1,(anonymous_4)
FNDA:1,(anonymous_5)
FNDA:1,(anonymous_6)
FNDA:0,(anonymous_7)
FNDA:1,(anonymous_8)
FNDA:1,(anonymous_9)
FNDA:1,(anonymous_10)
FNDA:1,(anonymous_11)
FNDA:0,(anonymous_12)
DA:3,6
DA:8,6
DA:13,6
DA:14,3
DA:15,2
DA:18,6
DA:19,3
DA:21,1
DA:24,1
DA:27,1
DA:30,6
DA:31,1
DA:32,1
DA:33,1
DA:36,1
DA:37,1
DA:40,0
DA:43,1
DA:44,1
DA:49,1
DA:50,1
DA:53,1
DA:54,1
DA:57,0
DA:58,0
LF:25
LH:22
BRDA:18,0,0,1
BRDA:18,1,0,0
BRDA:19,2,0,1
BRDA:19,2,1,1
BRF:4
BRH:3
end_of_record
TN:
SF:src\reducer\comments\selectors.js
FN:3,(anonymous_0)
FN:5,(anonymous_1)
FNF:2
FNH:2
FNDA:1,(anonymous_0)
FNDA:1,(anonymous_1)
DA:3,2
DA:5,2
LF:2
LH:2
BRF:0
BRH:0
end_of_record
TN:
SF:src\reducer\films\films.js
FN:26,(anonymous_0)
FN:27,(anonymous_1)
FN:28,(anonymous_2)
FN:29,(anonymous_3)
FN:30,(anonymous_4)
FN:34,(anonymous_5)
FN:34,(anonymous_6)
FN:36,(anonymous_7)
FN:38,(anonymous_8)
FN:41,(anonymous_9)
FN:45,(anonymous_10)
FN:45,(anonymous_11)
FN:47,(anonymous_12)
FN:49,(anonymous_13)
FN:52,(anonymous_14)
FN:58,(anonymous_15)
FNF:16
FNH:13
FNDA:2,(anonymous_0)
FNDA:2,(anonymous_1)
FNDA:0,(anonymous_2)
FNDA:1,(anonymous_3)
FNDA:1,(anonymous_4)
FNDA:1,(anonymous_5)
FNDA:1,(anonymous_6)
FNDA:1,(anonymous_7)
FNDA:1,(anonymous_8)
FNDA:0,(anonymous_9)
FNDA:1,(anonymous_10)
FNDA:1,(anonymous_11)
FNDA:1,(anonymous_12)
FNDA:1,(anonymous_13)
FNDA:0,(anonymous_14)
FNDA:5,(anonymous_15)
DA:3,3
DA:4,3
DA:9,3
DA:17,3
DA:25,3
DA:26,2
DA:27,2
DA:28,0
DA:29,1
DA:30,1
DA:33,3
DA:34,1
DA:35,1
DA:36,1
DA:39,1
DA:42,0
DA:45,1
DA:46,1
DA:47,1
DA:50,1
DA:53,0
DA:58,3
DA:59,5
DA:61,1
DA:64,0
DA:67,1
DA:70,1
DA:73,1
DA:77,1
LF:29
LH:25
BRDA:58,0,0,1
BRDA:59,1,0,1
BRDA:59,1,1,0
BRDA:59,1,2,1
BRDA:59,1,3,1
BRDA:59,1,4,1
BRF:6
BRH:5
end_of_record
TN:
SF:src\reducer\films\selectors.js
FN:7,(anonymous_0)
FN:9,(anonymous_1)
FN:11,(anonymous_2)
FN:13,(anonymous_3)
FN:15,(anonymous_4)
FN:15,(anonymous_5)
FN:17,(anonymous_6)
FN:19,(anonymous_7)
FN:23,(anonymous_8)
FN:24,(anonymous_9)
FN:32,(anonymous_10)
FN:34,(anonymous_11)
FNF:12
FNH:8
FNDA:1,(anonymous_0)
FNDA:0,(anonymous_1)
FNDA:1,(anonymous_2)
FNDA:1,(anonymous_3)
FNDA:1,(anonymous_4)
FNDA:1,(anonymous_5)
FNDA:1,(anonymous_6)
FNDA:0,(anonymous_7)
FNDA:1,(anonymous_8)
FNDA:8,(anonymous_9)
FNDA:0,(anonymous_10)
FNDA:0,(anonymous_11)
DA:4,3
DA:5,3
DA:7,3
DA:9,3
DA:11,3
DA:13,3
DA:15,3
DA:17,3
DA:19,3
DA:21,3
DA:24,8
DA:25,1
DA:29,3
DA:33,0
DA:34,0
DA:37,0
LF:16
LH:13
BRDA:33,0,0,0
BRDA:33,0,1,0
BRF:2
BRH:0
end_of_record
TN:
SF:src\reducer\user\selectors.js
FN:4,(anonymous_0)
FN:8,(anonymous_1)
FN:11,(anonymous_2)
FN:13,(anonymous_3)
FNF:4
FNH:2
FNDA:3,(anonymous_0)
FNDA:2,(anonymous_1)
FNDA:0,(anonymous_2)
FNDA:0,(anonymous_3)
DA:4,5
DA:6,5
DA:8,2
DA:11,5
DA:13,5
LF:5
LH:5
BRF:0
BRH:0
end_of_record
TN:
SF:src\reducer\user\user.js
FN:22,(anonymous_0)
FN:23,(anonymous_1)
FN:24,(anonymous_2)
FN:25,(anonymous_3)
FN:26,(anonymous_4)
FN:27,(anonymous_5)
FN:30,(anonymous_6)
FN:48,(anonymous_7)
FN:58,(anonymous_8)
FN:58,(anonymous_9)
FN:60,(anonymous_10)
FN:69,(anonymous_11)
FN:73,(anonymous_12)
FN:73,(anonymous_13)
FN:78,(anonymous_14)
FN:89,(anonymous_15)
FN:94,(anonymous_16)
FN:94,(anonymous_17)
FN:97,(anonymous_18)
FN:99,(anonymous_19)
FN:103,(anonymous_20)
FN:108,(anonymous_21)
FN:108,(anonymous_22)
FN:111,(anonymous_23)
FN:119,(anonymous_24)
FNF:25
FNH:18
FNDA:2,(anonymous_0)
FNDA:2,(anonymous_1)
FNDA:2,(anonymous_2)
FNDA:2,(anonymous_3)
FNDA:1,(anonymous_4)
FNDA:3,(anonymous_5)
FNDA:7,(anonymous_6)
FNDA:1,(anonymous_7)
FNDA:1,(anonymous_8)
FNDA:1,(anonymous_9)
FNDA:1,(anonymous_10)
FNDA:0,(anonymous_11)
FNDA:0,(anonymous_12)
FNDA:0,(anonymous_13)
FNDA:0,(anonymous_14)
FNDA:0,(anonymous_15)
FNDA:1,(anonymous_16)
FNDA:1,(anonymous_17)
FNDA:1,(anonymous_18)
FNDA:1,(anonymous_19)
FNDA:0,(anonymous_20)
FNDA:1,(anonymous_21)
FNDA:1,(anonymous_22)
FNDA:1,(anonymous_23)
FNDA:0,(anonymous_24)
DA:5,5
DA:12,5
DA:21,5
DA:22,2
DA:23,2
DA:24,2
DA:25,2
DA:26,1
DA:27,3
DA:30,5
DA:31,7
DA:33,1
DA:36,1
DA:39,1
DA:42,1
DA:45,1
DA:48,1
DA:49,1
DA:51,1
DA:54,1
DA:57,5
DA:58,1
DA:59,1
DA:61,1
DA:62,0
DA:64,1
DA:66,1
DA:67,1
DA:70,0
DA:73,0
DA:74,0
DA:79,0
DA:80,0
DA:83,0
DA:85,0
DA:86,0
DA:87,0
DA:90,0
DA:94,1
DA:95,1
DA:96,1
DA:97,1
DA:100,1
DA:101,1
DA:104,0
DA:108,1
DA:109,1
DA:110,1
DA:112,1
DA:113,1
DA:114,1
DA:116,0
DA:120,0
LF:53
LH:39
BRDA:30,0,0,1
BRDA:31,1,0,1
BRDA:31,1,1,1
BRDA:31,1,2,1
BRDA:31,1,3,1
BRDA:31,1,4,1
BRDA:31,1,5,1
BRDA:61,2,0,0
BRDA:61,2,1,1
BRDA:79,3,0,0
BRDA:79,3,1,0
BRDA:109,4,0,0
BRDA:109,4,1,1
BRDA:113,5,0,1
BRDA:113,5,1,0
BRF:15
BRH:10
end_of_record
